coder@coder-sanderw-alt-mulig-machine-565d54bf5-t8x47:~/teklit-maskin$ cat src/main.py.log 
Initialization of sparse structure.
Arguments:
  moves_before_win: 0
  number_of_boards: 100000
  board_size: 17
  epochs: 150
  number_of_clauses: 23000
  T: 6000
  s: 1.5
  number_of_state_bits: 8
  depth: 2
  hypervector_size: 256
  hypervector_bits: 4
  message_size: 92
  message_bits: 4
  double_hashing: False
  one_hot_encoding: False
  max_included_literals: 250
Loading from cache: data/hex_games_100000_size_17_cached.npz
Loaded 100000 games from hex_games_100000_size_17.csv
Creating graphs on dataset of length training: 80000, and test: 20000...
Training for 150 epochs...
Epoch 1/150 Train Accuracy: 57.53% Test Accuracy: 56.88% Time: 199.73s
Epoch 2/150 Train Accuracy: 61.33% Test Accuracy: 60.68% Time: 191.55s
Epoch 3/150 Train Accuracy: 64.94% Test Accuracy: 63.92% Time: 191.26s
Epoch 4/150 Train Accuracy: 67.78% Test Accuracy: 66.29% Time: 190.85s
Epoch 5/150 Train Accuracy: 69.34% Test Accuracy: 68.38% Time: 190.64s
coder@coder-sanderw-alt-mulig-machine-565d54bf5-t8x47:~/teklit-maskin$ 


coder@coder-sanderw-alt-mulig-machine-565d54bf5-t8x47:~/teklit-maskin$ cat src/main.py.log 
Initialization of sparse structure.
Arguments:
  moves_before_win: 0
  number_of_boards: 100000
  board_size: 17
  epochs: 150
  number_of_clauses: 26000
  T: 6000
  s: 1.4
  number_of_state_bits: 8
  depth: 2
  hypervector_size: 256
  hypervector_bits: 4
  message_size: 82
  message_bits: 4
  double_hashing: False
  one_hot_encoding: False
  max_included_literals: 250
Loading from cache: data/hex_games_100000_size_17_cached.npz
Loaded 100000 games from hex_games_100000_size_17.csv
Creating graphs on dataset of length training: 80000, and test: 20000...
Training for 150 epochs...
Epoch 1/150 Train Accuracy: 58.51% Test Accuracy: 57.49% Time: 281.14s
Epoch 2/150 Train Accuracy: 61.90% Test Accuracy: 60.60% Time: 269.78s
Epoch 3/150 Train Accuracy: 64.67% Test Accuracy: 63.37% Time: 269.49s
Epoch 4/150 Train Accuracy: 67.26% Test Accuracy: 65.94% Time: 269.02s
Epoch 5/150 Train Accuracy: 70.41% Test Accuracy: 68.53% Time: 268.59s
Epoch 6/150 Train Accuracy: 72.89% Test Accuracy: 71.20% Time: 268.23s
Epoch 7/150 Train Accuracy: 75.02% Test Accuracy: 73.37% Time: 268.15s
Epoch 8/150 Train Accuracy: 77.69% Test Accuracy: 76.23% Time: 267.60s
Epoch 9/150 Train Accuracy: 79.53% Test Accuracy: 78.44% Time: 267.38s
Epoch 10/150 Train Accuracy: 82.03% Test Accuracy: 81.30% Time: 267.03s
Epoch 11/150 Train Accuracy: 84.69% Test Accuracy: 83.43% Time: 266.69s
Epoch 12/150 Train Accuracy: 82.18% Test Accuracy: 80.97% Time: 266.29s
Epoch 13/150 Train Accuracy: 87.96% Test Accuracy: 86.96% Time: 266.16s
Epoch 14/150 Train Accuracy: 86.25% Test Accuracy: 85.28% Time: 265.73s
Epoch 15/150 Train Accuracy: 88.99% Test Accuracy: 88.09% Time: 265.64s
Epoch 16/150 Train Accuracy: 92.17% Test Accuracy: 91.83% Time: 265.46s
Epoch 17/150 Train Accuracy: 91.48% Test Accuracy: 90.92% Time: 265.09s
Epoch 18/150 Train Accuracy: 92.70% Test Accuracy: 92.36% Time: 264.69s
Epoch 19/150 Train Accuracy: 96.12% Test Accuracy: 95.61% Time: 264.51s
Epoch 20/150 Train Accuracy: 96.83% Test Accuracy: 96.34% Time: 264.15s
Epoch 21/150 Train Accuracy: 97.74% Test Accuracy: 97.46% Time: 263.91s
Epoch 22/150 Train Accuracy: 97.82% Test Accuracy: 97.50% Time: 263.62s
Epoch 23/150 Train Accuracy: 97.86% Test Accuracy: 97.72% Time: 263.49s
Epoch 24/150 Train Accuracy: 98.28% Test Accuracy: 98.04% Time: 263.27s
Epoch 25/150 Train Accuracy: 99.54% Test Accuracy: 99.44% Time: 263.05s
Epoch 26/150 Train Accuracy: 99.68% Test Accuracy: 99.59% Time: 262.86s
Epoch 27/150 Train Accuracy: 99.13% Test Accuracy: 98.92% Time: 262.75s
Epoch 28/150 Train Accuracy: 99.47% Test Accuracy: 99.28% Time: 262.47s
Epoch 29/150 Train Accuracy: 98.63% Test Accuracy: 98.37% Time: 262.32s
Epoch 30/150 Train Accuracy: 99.43% Test Accuracy: 99.28% Time: 262.09s
Epoch 31/150 Train Accuracy: 99.56% Test Accuracy: 99.44% Time: 262.07s
Epoch 32/150 Train Accuracy: 98.20% Test Accuracy: 98.17% Time: 261.98s
Epoch 33/150 Train Accuracy: 99.84% Test Accuracy: 99.83% Time: 261.70s
Epoch 34/150 Train Accuracy: 99.02% Test Accuracy: 98.91% Time: 261.79s
Epoch 35/150 Train Accuracy: 98.56% Test Accuracy: 98.45% Time: 261.84s
Epoch 36/150 Train Accuracy: 98.97% Test Accuracy: 98.97% Time: 261.58s
Epoch 37/150 Train Accuracy: 99.66% Test Accuracy: 99.61% Time: 261.53s
Epoch 38/150 Train Accuracy: 99.45% Test Accuracy: 99.42% Time: 261.57s
Epoch 39/150 Train Accuracy: 99.82% Test Accuracy: 99.81% Time: 261.33s
Epoch 40/150 Train Accuracy: 99.91% Test Accuracy: 99.90% Time: 260.90s
Epoch 41/150 Train Accuracy: 99.45% Test Accuracy: 99.39% Time: 260.56s
Epoch 42/150 Train Accuracy: 99.99% Test Accuracy: 99.99% Time: 260.54s
Epoch 43/150 Train Accuracy: 99.87% Test Accuracy: 99.78% Time: 260.35s
Epoch 44/150 Train Accuracy: 99.93% Test Accuracy: 99.89% Time: 260.12s
Epoch 45/150 Train Accuracy: 99.68% Test Accuracy: 99.58% Time: 260.27s
Epoch 46/150 Train Accuracy: 99.86% Test Accuracy: 99.83% Time: 260.32s
Epoch 47/150 Train Accuracy: 99.88% Test Accuracy: 99.84% Time: 259.98s
Epoch 48/150 Train Accuracy: 99.24% Test Accuracy: 99.17% Time: 260.00s
Epoch 49/150 Train Accuracy: 99.58% Test Accuracy: 99.61% Time: 260.34s
Epoch 50/150 Train Accuracy: 99.52% Test Accuracy: 99.50% Time: 260.07s
Epoch 51/150 Train Accuracy: 99.97% Test Accuracy: 99.97% Time: 259.96s
Epoch 52/150 Train Accuracy: 99.98% Test Accuracy: 99.98% Time: 259.64s
Epoch 53/150 Train Accuracy: 99.98% Test Accuracy: 99.98% Time: 259.43s
Epoch 54/150 Train Accuracy: 100.00% Test Accuracy: 100.00% Time: 259.46s
Epoch 55/150 Train Accuracy: 99.76% Test Accuracy: 99.80% Time: 259.34s
Epoch 56/150 Train Accuracy: 99.98% Test Accuracy: 99.98% Time: 259.40s
Epoch 57/150 Train Accuracy: 99.99% Test Accuracy: 99.98% Time: 259.14s
Epoch 58/150 Train Accuracy: 100.00% Test Accuracy: 100.00% Time: 259.34s
Epoch 59/150 Train Accuracy: 99.99% Test Accuracy: 99.98% Time: 259.02s
Epoch 60/150 Train Accuracy: 99.68% Test Accuracy: 99.62% Time: 259.05s
Epoch 61/150 Train Accuracy: 99.99% Test Accuracy: 99.98% Time: 258.98s
Epoch 62/150 Train Accuracy: 99.95% Test Accuracy: 99.91% Time: 258.91s
Epoch 63/150 Train Accuracy: 100.00% Test Accuracy: 99.99% Time: 258.78s
Epoch 64/150 Train Accuracy: 100.00% Test Accuracy: 99.98% Time: 258.72s
Epoch 65/150 Train Accuracy: 99.91% Test Accuracy: 99.84% Time: 258.75s
Epoch 66/150 Train Accuracy: 99.94% Test Accuracy: 99.87% Time: 258.92s
Epoch 67/150 Train Accuracy: 100.00% Test Accuracy: 100.00% Time: 258.99s
Epoch 68/150 Train Accuracy: 100.00% Test Accuracy: 100.00% Time: 258.62s
Epoch 69/150 Train Accuracy: 100.00% Test Accuracy: 100.00% Time: 258.57s
Epoch 70/150 Train Accuracy: 100.00% Test Accuracy: 99.98% Time: 258.73s
Epoch 71/150 Train Accuracy: 99.98% Test Accuracy: 99.98% Time: 258.67s
Epoch 72/150 Train Accuracy: 100.00% Test Accuracy: 100.00% Time: 258.53s
Epoch 73/150 Train Accuracy: 100.00% Test Accuracy: 100.00% Time: 258.41s
Epoch 74/150 Train Accuracy: 100.00% Test Accuracy: 100.00% Time: 258.43s


coder@coder-sanderw-alt-mulig-machine-649c77f7cd-djmks:~/teklit-maskin$ cat src/main.py.log 
Initialization of sparse structure.
Arguments:
  moves_before_win: 0
  number_of_boards: 100000
  board_size: 17
  epochs: 150
  number_of_clauses: 25000
  T: 5000
  s: 1.5
  number_of_state_bits: 8
  depth: 2
  hypervector_size: 256
  hypervector_bits: 4
  message_size: 82
  message_bits: 4
  double_hashing: False
  one_hot_encoding: False
  max_included_literals: 250
Loading from cache: data/hex_games_100000_size_17_cached.npz
Loaded 100000 games from hex_games_100000_size_17.csv
Creating graphs on dataset of length training: 80000, and test: 20000...
Training for 150 epochs...
Epoch 1/150 Train Accuracy: 56.88% Test Accuracy: 56.04% Time: 255.50s
Epoch 2/150 Train Accuracy: 60.76% Test Accuracy: 59.69% Time: 239.38s
Epoch 3/150 Train Accuracy: 63.88% Test Accuracy: 62.56% Time: 239.12s
Epoch 4/150 Train Accuracy: 68.20% Test Accuracy: 66.72% Time: 238.70s
Epoch 5/150 Train Accuracy: 73.55% Test Accuracy: 72.34% Time: 238.21s
Epoch 6/150 Train Accuracy: 77.78% Test Accuracy: 76.88% Time: 237.84s
Epoch 7/150 Train Accuracy: 79.84% Test Accuracy: 78.66% Time: 237.51s
Epoch 8/150 Train Accuracy: 84.04% Test Accuracy: 83.19% Time: 236.63s
Epoch 9/150 Train Accuracy: 86.33% Test Accuracy: 85.55% Time: 236.41s
Epoch 10/150 Train Accuracy: 80.09% Test Accuracy: 79.33% Time: 236.05s
Epoch 11/150 Train Accuracy: 91.61% Test Accuracy: 90.79% Time: 238.73s
Epoch 12/150 Train Accuracy: 93.81% Test Accuracy: 93.12% Time: 236.08s
Epoch 13/150 Train Accuracy: 91.37% Test Accuracy: 90.66% Time: 235.05s
Epoch 14/150 Train Accuracy: 94.17% Test Accuracy: 93.66% Time: 235.07s
Epoch 15/150 Train Accuracy: 95.64% Test Accuracy: 95.08% Time: 234.54s
Epoch 16/150 Train Accuracy: 98.72% Test Accuracy: 98.36% Time: 234.41s
Epoch 17/150 Train Accuracy: 98.77% Test Accuracy: 98.45% Time: 233.95s
Epoch 18/150 Train Accuracy: 99.30% Test Accuracy: 99.07% Time: 233.75s
Epoch 19/150 Train Accuracy: 99.51% Test Accuracy: 99.38% Time: 233.50s
Epoch 20/150 Train Accuracy: 99.76% Test Accuracy: 99.67% Time: 233.45s
Epoch 21/150 Train Accuracy: 99.74% Test Accuracy: 99.67% Time: 233.07s
Epoch 22/150 Train Accuracy: 99.87% Test Accuracy: 99.86% Time: 232.68s
Epoch 23/150 Train Accuracy: 99.89% Test Accuracy: 99.89% Time: 232.58s
Epoch 24/150 Train Accuracy: 99.92% Test Accuracy: 99.92% Time: 232.09s
Epoch 25/150 Train Accuracy: 99.91% Test Accuracy: 99.91% Time: 231.88s
Epoch 26/150 Train Accuracy: 99.93% Test Accuracy: 99.93% Time: 231.60s
Epoch 27/150 Train Accuracy: 99.93% Test Accuracy: 99.93% Time: 231.39s
Epoch 28/150 Train Accuracy: 99.94% Test Accuracy: 99.94% Time: 231.43s
Epoch 29/150 Train Accuracy: 99.95% Test Accuracy: 99.94% Time: 231.23s
Epoch 30/150 Train Accuracy: 99.95% Test Accuracy: 99.95% Time: 231.20s
Epoch 31/150 Train Accuracy: 99.95% Test Accuracy: 99.95% Time: 231.17s
Epoch 32/150 Train Accuracy: 99.97% Test Accuracy: 99.98% Time: 230.89s
Epoch 33/150 Train Accuracy: 99.93% Test Accuracy: 99.97% Time: 230.88s
Epoch 34/150 Train Accuracy: 99.94% Test Accuracy: 99.96% Time: 230.66s
Epoch 35/150 Train Accuracy: 99.93% Test Accuracy: 99.97% Time: 230.66s
Epoch 36/150 Train Accuracy: 99.91% Test Accuracy: 99.94% Time: 230.65s
Epoch 37/150 Train Accuracy: 99.92% Test Accuracy: 99.95% Time: 230.52s
Epoch 38/150 Train Accuracy: 99.94% Test Accuracy: 99.96% Time: 230.39s
Epoch 39/150 Train Accuracy: 99.95% Test Accuracy: 99.97% Time: 230.22s
Epoch 40/150 Train Accuracy: 99.95% Test Accuracy: 99.98% Time: 230.09s
Epoch 41/150 Train Accuracy: 99.95% Test Accuracy: 99.98% Time: 229.94s
Epoch 42/150 Train Accuracy: 99.95% Test Accuracy: 99.98% Time: 229.81s
Epoch 43/150 Train Accuracy: 99.94% Test Accuracy: 99.97% Time: 230.02s
Epoch 44/150 Train Accuracy: 99.96% Test Accuracy: 99.98% Time: 230.29s
Epoch 45/150 Train Accuracy: 99.97% Test Accuracy: 99.98% Time: 229.71s
Epoch 46/150 Train Accuracy: 99.98% Test Accuracy: 99.98% Time: 229.58s
Epoch 47/150 Train Accuracy: 99.91% Test Accuracy: 99.93% Time: 229.56s
Epoch 48/150 Train Accuracy: 99.98% Test Accuracy: 100.00% Time: 230.08s
Epoch 49/150 Train Accuracy: 99.99% Test Accuracy: 99.99% Time: 229.57s
Epoch 50/150 Train Accuracy: 99.92% Test Accuracy: 99.93% Time: 229.52s
Epoch 51/150 Train Accuracy: 99.93% Test Accuracy: 99.92% Time: 229.93s
Epoch 52/150 Train Accuracy: 99.94% Test Accuracy: 99.92% Time: 231.96s
Epoch 53/150 Train Accuracy: 99.93% Test Accuracy: 99.93% Time: 232.41s
Epoch 54/150 Train Accuracy: 99.94% Test Accuracy: 99.92% Time: 232.64s
Epoch 55/150 Train Accuracy: 99.93% Test Accuracy: 99.92% Time: 230.32s
Epoch 56/150 Train Accuracy: 99.88% Test Accuracy: 99.86% Time: 229.45s
Epoch 57/150 Train Accuracy: 99.94% Test Accuracy: 99.92% Time: 229.61s
Epoch 58/150 Train Accuracy: 99.98% Test Accuracy: 99.96% Time: 229.55s
Epoch 59/150 Train Accuracy: 99.89% Test Accuracy: 99.87% Time: 229.51s
Epoch 60/150 Train Accuracy: 99.51% Test Accuracy: 99.41% Time: 229.64s
Epoch 61/150 Train Accuracy: 99.90% Test Accuracy: 99.88% Time: 229.71s
Epoch 62/150 Train Accuracy: 99.72% Test Accuracy: 99.64% Time: 229.64s
Epoch 63/150 Train Accuracy: 99.46% Test Accuracy: 99.39% Time: 229.75s
Epoch 64/150 Train Accuracy: 99.77% Test Accuracy: 99.72% Time: 229.71s
Epoch 65/150 Train Accuracy: 99.60% Test Accuracy: 99.61% Time: 229.82s
Epoch 66/150 Train Accuracy: 99.73% Test Accuracy: 99.69% Time: 229.66s
Epoch 67/150 Train Accuracy: 99.87% Test Accuracy: 99.85% Time: 229.35s
Epoch 68/150 Train Accuracy: 99.88% Test Accuracy: 99.85% Time: 229.24s
Epoch 69/150 Train Accuracy: 99.92% Test Accuracy: 99.88% Time: 229.13s
Epoch 70/150 Train Accuracy: 99.92% Test Accuracy: 99.86% Time: 229.31s
Epoch 71/150 Train Accuracy: 99.95% Test Accuracy: 99.90% Time: 229.13s
Epoch 72/150 Train Accuracy: 99.94% Test Accuracy: 99.89% Time: 229.04s
Epoch 73/150 Train Accuracy: 99.83% Test Accuracy: 99.74% Time: 229.08s
Epoch 74/150 Train Accuracy: 99.99% Test Accuracy: 99.97% Time: 229.10s
Epoch 75/150 Train Accuracy: 99.99% Test Accuracy: 99.97% Time: 228.79s
Epoch 76/150 Train Accuracy: 99.93% Test Accuracy: 99.89% Time: 228.86s
Epoch 77/150 Train Accuracy: 99.99% Test Accuracy: 99.98% Time: 228.81s
Epoch 78/150 Train Accuracy: 99.91% Test Accuracy: 99.84% Time: 229.34s
Epoch 79/150 Train Accuracy: 99.97% Test Accuracy: 99.91% Time: 229.20s
Epoch 80/150 Train Accuracy: 99.99% Test Accuracy: 99.98% Time: 229.18s
Epoch 81/150 Train Accuracy: 100.00% Test Accuracy: 99.97% Time: 229.84s
Epoch 82/150 Train Accuracy: 99.92% Test Accuracy: 99.83% Time: 228.80s
Epoch 83/150 Train Accuracy: 100.00% Test Accuracy: 99.99% Time: 228.79s
Epoch 84/150 Train Accuracy: 99.96% Test Accuracy: 99.94% Time: 228.64s
Epoch 85/150 Train Accuracy: 99.92% Test Accuracy: 99.87% Time: 228.85s
Epoch 86/150 Train Accuracy: 100.00% Test Accuracy: 99.99% Time: 228.90s
Epoch 87/150 Train Accuracy: 100.00% Test Accuracy: 100.00% Time: 228.64s
