coder@coder-sanderw-alt-mulig-machine-849c584c46-vbf5h:~/teklit-maskin$ cat output.log 
Initialization of sparse structure.
Arguments:
  number_of_boards: 50000
  board_size: 8
  epochs: 350
  number_of_clauses: 7000
  T: 5000
  s: 1.0
  number_of_state_bits: 8
  depth: 2
  hypervector_size: 256
  hypervector_bits: 4
  message_size: 32
  message_bits: 4
  double_hashing: False
  one_hot_encoding: False
  max_included_literals: 250
Loaded 50000 games from data/hex_games_50000_size_8.csv
Creating graphs on dataset of length training: 40000, and test: 10000...
Training for 350 epochs...
Epoch 1/350 Train Accuracy: 62.77% Test Accuracy: 61.37% Time: 19.34s
Epoch 2/350 Train Accuracy: 67.27% Test Accuracy: 66.32% Time: 15.95s
Epoch 3/350 Train Accuracy: 68.41% Test Accuracy: 67.02% Time: 15.76s
Epoch 4/350 Train Accuracy: 67.50% Test Accuracy: 65.70% Time: 15.73s
Epoch 5/350 Train Accuracy: 68.14% Test Accuracy: 66.59% Time: 15.66s
Epoch 6/350 Train Accuracy: 68.31% Test Accuracy: 66.64% Time: 15.62s
Epoch 7/350 Train Accuracy: 73.32% Test Accuracy: 71.54% Time: 15.54s
Epoch 8/350 Train Accuracy: 72.60% Test Accuracy: 70.54% Time: 15.66s
Epoch 9/350 Train Accuracy: 70.32% Test Accuracy: 68.69% Time: 16.30s
Epoch 10/350 Train Accuracy: 68.45% Test Accuracy: 67.10% Time: 16.26s
Epoch 11/350 Train Accuracy: 67.93% Test Accuracy: 66.85% Time: 15.58s
Epoch 12/350 Train Accuracy: 69.53% Test Accuracy: 67.98% Time: 15.52s
Epoch 13/350 Train Accuracy: 70.69% Test Accuracy: 68.96% Time: 16.39s
Epoch 14/350 Train Accuracy: 69.70% Test Accuracy: 68.05% Time: 15.71s
Epoch 15/350 Train Accuracy: 73.61% Test Accuracy: 71.61% Time: 15.44s
Epoch 16/350 Train Accuracy: 74.09% Test Accuracy: 71.84% Time: 15.40s
Epoch 17/350 Train Accuracy: 78.77% Test Accuracy: 76.24% Time: 15.47s
Epoch 18/350 Train Accuracy: 75.96% Test Accuracy: 73.70% Time: 15.37s
Epoch 19/350 Train Accuracy: 80.91% Test Accuracy: 77.73% Time: 15.37s
Epoch 20/350 Train Accuracy: 80.20% Test Accuracy: 77.57% Time: 15.43s
Epoch 21/350 Train Accuracy: 82.41% Test Accuracy: 79.48% Time: 15.34s
Epoch 22/350 Train Accuracy: 80.18% Test Accuracy: 77.44% Time: 15.32s
Epoch 23/350 Train Accuracy: 79.25% Test Accuracy: 76.80% Time: 15.28s
Epoch 24/350 Train Accuracy: 81.59% Test Accuracy: 78.97% Time: 15.32s
Epoch 25/350 Train Accuracy: 77.30% Test Accuracy: 75.05% Time: 15.26s
Epoch 26/350 Train Accuracy: 81.78% Test Accuracy: 78.97% Time: 15.23s
Epoch 27/350 Train Accuracy: 80.38% Test Accuracy: 77.68% Time: 15.17s
Epoch 28/350 Train Accuracy: 82.02% Test Accuracy: 79.24% Time: 15.25s
Epoch 29/350 Train Accuracy: 75.11% Test Accuracy: 73.01% Time: 15.23s
Epoch 30/350 Train Accuracy: 82.10% Test Accuracy: 79.58% Time: 15.23s
Epoch 31/350 Train Accuracy: 82.16% Test Accuracy: 79.13% Time: 15.31s
Epoch 32/350 Train Accuracy: 80.75% Test Accuracy: 78.29% Time: 15.16s
Epoch 33/350 Train Accuracy: 78.55% Test Accuracy: 76.23% Time: 15.14s
Epoch 34/350 Train Accuracy: 80.42% Test Accuracy: 77.98% Time: 15.32s
Epoch 35/350 Train Accuracy: 79.78% Test Accuracy: 77.31% Time: 15.14s
Epoch 36/350 Train Accuracy: 82.33% Test Accuracy: 79.68% Time: 15.13s
Epoch 37/350 Train Accuracy: 81.40% Test Accuracy: 78.90% Time: 15.13s
Epoch 38/350 Train Accuracy: 77.84% Test Accuracy: 75.61% Time: 15.14s
Epoch 39/350 Train Accuracy: 79.48% Test Accuracy: 77.13% Time: 15.12s
Epoch 40/350 Train Accuracy: 81.71% Test Accuracy: 79.15% Time: 15.12s
Epoch 41/350 Train Accuracy: 84.00% Test Accuracy: 81.16% Time: 15.10s
Epoch 42/350 Train Accuracy: 83.16% Test Accuracy: 79.80% Time: 15.08s
Epoch 43/350 Train Accuracy: 83.79% Test Accuracy: 80.92% Time: 15.07s
Epoch 44/350 Train Accuracy: 85.06% Test Accuracy: 82.44% Time: 15.13s
Epoch 45/350 Train Accuracy: 83.36% Test Accuracy: 80.57% Time: 15.05s
Epoch 46/350 Train Accuracy: 82.31% Test Accuracy: 79.74% Time: 15.06s
Epoch 47/350 Train Accuracy: 79.66% Test Accuracy: 77.23% Time: 15.06s
Epoch 48/350 Train Accuracy: 83.96% Test Accuracy: 80.98% Time: 15.05s
Epoch 49/350 Train Accuracy: 84.39% Test Accuracy: 81.76% Time: 15.02s
Epoch 50/350 Train Accuracy: 84.14% Test Accuracy: 81.72% Time: 14.98s
Epoch 51/350 Train Accuracy: 85.00% Test Accuracy: 82.34% Time: 15.04s
Epoch 52/350 Train Accuracy: 85.32% Test Accuracy: 82.73% Time: 14.97s
Epoch 53/350 Train Accuracy: 84.58% Test Accuracy: 81.71% Time: 15.03s
Epoch 54/350 Train Accuracy: 84.74% Test Accuracy: 81.43% Time: 15.44s
Epoch 55/350 Train Accuracy: 84.40% Test Accuracy: 81.68% Time: 15.59s
Epoch 56/350 Train Accuracy: 84.86% Test Accuracy: 82.31% Time: 15.24s
Epoch 57/350 Train Accuracy: 83.39% Test Accuracy: 80.58% Time: 15.02s
Epoch 58/350 Train Accuracy: 83.49% Test Accuracy: 80.48% Time: 15.01s
Epoch 59/350 Train Accuracy: 81.74% Test Accuracy: 78.80% Time: 14.99s
Epoch 60/350 Train Accuracy: 82.61% Test Accuracy: 79.80% Time: 14.99s
Epoch 61/350 Train Accuracy: 83.52% Test Accuracy: 80.58% Time: 14.84s
Epoch 62/350 Train Accuracy: 83.55% Test Accuracy: 80.44% Time: 14.75s
Epoch 63/350 Train Accuracy: 82.22% Test Accuracy: 78.67% Time: 14.99s
Epoch 64/350 Train Accuracy: 84.47% Test Accuracy: 81.39% Time: 15.12s
Epoch 65/350 Train Accuracy: 84.67% Test Accuracy: 81.26% Time: 14.86s
Epoch 66/350 Train Accuracy: 84.60% Test Accuracy: 81.79% Time: 14.88s
Epoch 67/350 Train Accuracy: 83.09% Test Accuracy: 80.19% Time: 14.85s
Epoch 68/350 Train Accuracy: 83.93% Test Accuracy: 80.86% Time: 14.85s
Epoch 69/350 Train Accuracy: 83.75% Test Accuracy: 81.08% Time: 14.89s
Epoch 70/350 Train Accuracy: 84.89% Test Accuracy: 81.81% Time: 14.83s
Epoch 71/350 Train Accuracy: 84.78% Test Accuracy: 81.83% Time: 14.92s
Epoch 72/350 Train Accuracy: 85.55% Test Accuracy: 82.55% Time: 14.86s
Epoch 73/350 Train Accuracy: 85.74% Test Accuracy: 82.64% Time: 14.85s
Epoch 74/350 Train Accuracy: 85.17% Test Accuracy: 82.30% Time: 14.98s
Epoch 75/350 Train Accuracy: 85.66% Test Accuracy: 82.71% Time: 14.77s
Epoch 76/350 Train Accuracy: 83.80% Test Accuracy: 80.76% Time: 14.89s
Epoch 77/350 Train Accuracy: 85.09% Test Accuracy: 81.92% Time: 15.01s
Epoch 78/350 Train Accuracy: 83.17% Test Accuracy: 80.27% Time: 15.19s
Epoch 79/350 Train Accuracy: 81.75% Test Accuracy: 79.09% Time: 14.85s
Epoch 80/350 Train Accuracy: 85.38% Test Accuracy: 82.62% Time: 14.67s
Epoch 81/350 Train Accuracy: 80.99% Test Accuracy: 78.63% Time: 14.69s
Epoch 82/350 Train Accuracy: 84.01% Test Accuracy: 81.43% Time: 14.71s
Epoch 83/350 Train Accuracy: 86.19% Test Accuracy: 83.57% Time: 14.69s
Epoch 84/350 Train Accuracy: 79.30% Test Accuracy: 77.29% Time: 14.66s
Epoch 85/350 Train Accuracy: 84.93% Test Accuracy: 81.80% Time: 14.66s
Epoch 86/350 Train Accuracy: 86.51% Test Accuracy: 83.46% Time: 14.66s
Epoch 87/350 Train Accuracy: 85.31% Test Accuracy: 82.28% Time: 14.63s
Epoch 88/350 Train Accuracy: 82.40% Test Accuracy: 79.93% Time: 14.64s
Epoch 89/350 Train Accuracy: 83.89% Test Accuracy: 81.08% Time: 14.65s
Epoch 90/350 Train Accuracy: 85.08% Test Accuracy: 82.35% Time: 14.67s
Epoch 91/350 Train Accuracy: 84.56% Test Accuracy: 81.37% Time: 14.65s
Epoch 92/350 Train Accuracy: 78.91% Test Accuracy: 76.01% Time: 14.85s
Epoch 93/350 Train Accuracy: 77.18% Test Accuracy: 74.55% Time: 14.63s
Epoch 94/350 Train Accuracy: 82.05% Test Accuracy: 79.22% Time: 14.64s
Epoch 95/350 Train Accuracy: 82.77% Test Accuracy: 80.63% Time: 14.62s
Epoch 96/350 Train Accuracy: 83.18% Test Accuracy: 80.17% Time: 14.65s
Epoch 97/350 Train Accuracy: 77.70% Test Accuracy: 75.13% Time: 14.80s
Epoch 98/350 Train Accuracy: 81.34% Test Accuracy: 78.86% Time: 14.69s
Epoch 99/350 Train Accuracy: 82.46% Test Accuracy: 79.91% Time: 14.64s
Epoch 100/350 Train Accuracy: 81.37% Test Accuracy: 78.87% Time: 14.68s
Epoch 101/350 Train Accuracy: 82.12% Test Accuracy: 79.71% Time: 14.66s
Epoch 102/350 Train Accuracy: 81.14% Test Accuracy: 78.51% Time: 14.64s
Epoch 103/350 Train Accuracy: 83.36% Test Accuracy: 80.05% Time: 14.62s
Epoch 104/350 Train Accuracy: 79.57% Test Accuracy: 76.71% Time: 14.60s
Epoch 105/350 Train Accuracy: 80.97% Test Accuracy: 78.25% Time: 14.62s
Epoch 106/350 Train Accuracy: 82.02% Test Accuracy: 78.95% Time: 14.62s
Epoch 107/350 Train Accuracy: 83.05% Test Accuracy: 80.17% Time: 14.61s
Epoch 108/350 Train Accuracy: 82.52% Test Accuracy: 79.22% Time: 14.61s
Epoch 109/350 Train Accuracy: 86.50% Test Accuracy: 83.28% Time: 14.59s
Epoch 110/350 Train Accuracy: 86.66% Test Accuracy: 83.23% Time: 14.64s
Epoch 111/350 Train Accuracy: 86.44% Test Accuracy: 83.26% Time: 14.60s
Epoch 112/350 Train Accuracy: 85.41% Test Accuracy: 81.77% Time: 14.59s
Epoch 113/350 Train Accuracy: 86.14% Test Accuracy: 82.52% Time: 14.61s
Epoch 114/350 Train Accuracy: 87.11% Test Accuracy: 83.95% Time: 14.61s
Epoch 115/350 Train Accuracy: 86.88% Test Accuracy: 83.22% Time: 14.61s
Epoch 116/350 Train Accuracy: 86.03% Test Accuracy: 82.52% Time: 14.60s
Epoch 117/350 Train Accuracy: 85.63% Test Accuracy: 82.41% Time: 14.62s
Epoch 118/350 Train Accuracy: 85.31% Test Accuracy: 82.46% Time: 14.59s
Epoch 119/350 Train Accuracy: 85.90% Test Accuracy: 82.30% Time: 14.58s
Epoch 120/350 Train Accuracy: 84.72% Test Accuracy: 81.19% Time: 14.60s
Epoch 121/350 Train Accuracy: 85.66% Test Accuracy: 81.99% Time: 14.61s
Epoch 122/350 Train Accuracy: 86.18% Test Accuracy: 82.45% Time: 14.58s
Epoch 123/350 Train Accuracy: 85.78% Test Accuracy: 82.56% Time: 14.65s
Epoch 124/350 Train Accuracy: 83.72% Test Accuracy: 80.90% Time: 14.59s
Epoch 125/350 Train Accuracy: 84.58% Test Accuracy: 81.32% Time: 14.59s
Epoch 126/350 Train Accuracy: 85.56% Test Accuracy: 82.16% Time: 14.59s
Epoch 127/350 Train Accuracy: 85.10% Test Accuracy: 81.78% Time: 14.58s
Epoch 128/350 Train Accuracy: 82.99% Test Accuracy: 80.03% Time: 14.60s
Epoch 129/350 Train Accuracy: 81.38% Test Accuracy: 78.50% Time: 14.59s
Epoch 130/350 Train Accuracy: 80.93% Test Accuracy: 77.78% Time: 14.57s
Epoch 131/350 Train Accuracy: 84.28% Test Accuracy: 81.14% Time: 14.60s
Epoch 132/350 Train Accuracy: 84.81% Test Accuracy: 81.67% Time: 14.55s
Epoch 133/350 Train Accuracy: 82.70% Test Accuracy: 80.00% Time: 14.56s
Epoch 134/350 Train Accuracy: 81.12% Test Accuracy: 78.54% Time: 14.55s
Epoch 135/350 Train Accuracy: 80.77% Test Accuracy: 77.81% Time: 14.55s
Epoch 136/350 Train Accuracy: 81.16% Test Accuracy: 78.41% Time: 14.58s
Epoch 137/350 Train Accuracy: 79.69% Test Accuracy: 76.96% Time: 14.54s
Epoch 138/350 Train Accuracy: 83.25% Test Accuracy: 80.78% Time: 14.54s
Epoch 139/350 Train Accuracy: 85.59% Test Accuracy: 82.14% Time: 14.55s
Epoch 140/350 Train Accuracy: 83.49% Test Accuracy: 80.55% Time: 14.54s
Epoch 141/350 Train Accuracy: 80.06% Test Accuracy: 77.41% Time: 14.54s
Epoch 142/350 Train Accuracy: 79.80% Test Accuracy: 77.18% Time: 14.55s
Epoch 143/350 Train Accuracy: 82.10% Test Accuracy: 79.42% Time: 14.57s
Epoch 144/350 Train Accuracy: 74.52% Test Accuracy: 72.80% Time: 14.55s
Epoch 145/350 Train Accuracy: 76.18% Test Accuracy: 74.22% Time: 14.55s
Epoch 146/350 Train Accuracy: 75.05% Test Accuracy: 73.27% Time: 14.54s
Epoch 147/350 Train Accuracy: 77.87% Test Accuracy: 75.68% Time: 14.58s
Epoch 148/350 Train Accuracy: 77.34% Test Accuracy: 75.66% Time: 14.58s
Epoch 149/350 Train Accuracy: 78.70% Test Accuracy: 76.44% Time: 14.57s
Epoch 150/350 Train Accuracy: 76.78% Test Accuracy: 74.91% Time: 14.55s
Epoch 151/350 Train Accuracy: 76.42% Test Accuracy: 74.40% Time: 14.54s
Epoch 152/350 Train Accuracy: 77.31% Test Accuracy: 74.92% Time: 14.56s
Epoch 153/350 Train Accuracy: 76.70% Test Accuracy: 74.70% Time: 14.56s
Epoch 154/350 Train Accuracy: 78.86% Test Accuracy: 76.65% Time: 14.56s
Epoch 155/350 Train Accuracy: 78.08% Test Accuracy: 76.10% Time: 14.57s
Epoch 156/350 Train Accuracy: 76.58% Test Accuracy: 74.88% Time: 14.54s
Epoch 157/350 Train Accuracy: 80.53% Test Accuracy: 78.14% Time: 14.53s
Epoch 158/350 Train Accuracy: 81.72% Test Accuracy: 78.87% Time: 14.55s
Epoch 159/350 Train Accuracy: 84.58% Test Accuracy: 81.60% Time: 14.54s
Epoch 160/350 Train Accuracy: 83.01% Test Accuracy: 80.12% Time: 14.60s
Epoch 161/350 Train Accuracy: 79.91% Test Accuracy: 77.67% Time: 14.53s
Epoch 162/350 Train Accuracy: 82.42% Test Accuracy: 79.54% Time: 14.54s
Epoch 163/350 Train Accuracy: 79.49% Test Accuracy: 77.11% Time: 14.54s
Epoch 164/350 Train Accuracy: 82.74% Test Accuracy: 79.78% Time: 15.44s
Epoch 165/350 Train Accuracy: 81.28% Test Accuracy: 78.87% Time: 15.32s
Epoch 166/350 Train Accuracy: 82.80% Test Accuracy: 80.17% Time: 15.49s
Epoch 167/350 Train Accuracy: 80.13% Test Accuracy: 77.70% Time: 15.02s
Epoch 168/350 Train Accuracy: 84.88% Test Accuracy: 81.88% Time: 15.37s
Epoch 169/350 Train Accuracy: 82.57% Test Accuracy: 80.07% Time: 15.45s
Epoch 170/350 Train Accuracy: 84.75% Test Accuracy: 81.79% Time: 14.58s
Epoch 171/350 Train Accuracy: 83.13% Test Accuracy: 80.46% Time: 14.72s
Epoch 172/350 Train Accuracy: 82.49% Test Accuracy: 79.63% Time: 14.55s
Epoch 173/350 Train Accuracy: 81.03% Test Accuracy: 78.67% Time: 14.53s
Epoch 174/350 Train Accuracy: 79.21% Test Accuracy: 77.04% Time: 14.52s
Epoch 175/350 Train Accuracy: 83.87% Test Accuracy: 80.92% Time: 14.52s
Epoch 176/350 Train Accuracy: 82.07% Test Accuracy: 79.06% Time: 14.56s
Epoch 177/350 Train Accuracy: 85.69% Test Accuracy: 82.42% Time: 14.54s
Epoch 178/350 Train Accuracy: 84.03% Test Accuracy: 81.02% Time: 14.60s
Epoch 179/350 Train Accuracy: 85.12% Test Accuracy: 82.17% Time: 14.56s
Epoch 180/350 Train Accuracy: 83.76% Test Accuracy: 80.87% Time: 14.53s
Epoch 181/350 Train Accuracy: 83.85% Test Accuracy: 80.69% Time: 14.56s
Epoch 182/350 Train Accuracy: 86.94% Test Accuracy: 83.98% Time: 14.57s
Epoch 183/350 Train Accuracy: 86.26% Test Accuracy: 83.35% Time: 14.51s
Epoch 184/350 Train Accuracy: 83.99% Test Accuracy: 81.45% Time: 14.52s
Epoch 185/350 Train Accuracy: 82.98% Test Accuracy: 80.84% Time: 14.52s
Epoch 186/350 Train Accuracy: 82.70% Test Accuracy: 80.25% Time: 14.50s
Epoch 187/350 Train Accuracy: 83.95% Test Accuracy: 81.25% Time: 14.52s
Epoch 188/350 Train Accuracy: 83.94% Test Accuracy: 81.21% Time: 14.52s
Epoch 189/350 Train Accuracy: 83.79% Test Accuracy: 81.00% Time: 14.51s
Epoch 190/350 Train Accuracy: 85.08% Test Accuracy: 82.21% Time: 14.53s
Epoch 191/350 Train Accuracy: 87.52% Test Accuracy: 84.42% Time: 14.54s
Epoch 192/350 Train Accuracy: 83.89% Test Accuracy: 80.99% Time: 14.56s
Epoch 193/350 Train Accuracy: 86.73% Test Accuracy: 84.13% Time: 14.58s
Epoch 194/350 Train Accuracy: 85.45% Test Accuracy: 82.25% Time: 14.50s
Epoch 195/350 Train Accuracy: 83.06% Test Accuracy: 80.45% Time: 14.71s
Epoch 196/350 Train Accuracy: 82.48% Test Accuracy: 79.79% Time: 14.76s
Epoch 197/350 Train Accuracy: 82.50% Test Accuracy: 80.01% Time: 14.77s
Epoch 198/350 Train Accuracy: 86.40% Test Accuracy: 83.66% Time: 14.66s
Epoch 199/350 Train Accuracy: 85.82% Test Accuracy: 82.96% Time: 14.73s
Epoch 200/350 Train Accuracy: 87.34% Test Accuracy: 84.51% Time: 14.73s
Epoch 201/350 Train Accuracy: 87.66% Test Accuracy: 85.14% Time: 14.69s
Epoch 202/350 Train Accuracy: 85.15% Test Accuracy: 82.92% Time: 14.74s
Epoch 203/350 Train Accuracy: 87.77% Test Accuracy: 84.93% Time: 14.66s
Epoch 204/350 Train Accuracy: 85.06% Test Accuracy: 82.30% Time: 14.70s
Epoch 205/350 Train Accuracy: 85.43% Test Accuracy: 82.79% Time: 14.67s
Epoch 206/350 Train Accuracy: 87.04% Test Accuracy: 84.12% Time: 14.68s
Epoch 207/350 Train Accuracy: 83.69% Test Accuracy: 81.39% Time: 14.67s
Epoch 208/350 Train Accuracy: 85.15% Test Accuracy: 82.40% Time: 14.73s
Epoch 209/350 Train Accuracy: 83.84% Test Accuracy: 81.38% Time: 14.70s
Epoch 210/350 Train Accuracy: 85.81% Test Accuracy: 83.30% Time: 14.68s
Epoch 211/350 Train Accuracy: 85.22% Test Accuracy: 82.56% Time: 14.65s
Epoch 212/350 Train Accuracy: 84.10% Test Accuracy: 81.67% Time: 14.65s
Epoch 213/350 Train Accuracy: 85.52% Test Accuracy: 83.12% Time: 14.64s
Epoch 214/350 Train Accuracy: 86.02% Test Accuracy: 83.16% Time: 14.64s
Epoch 215/350 Train Accuracy: 85.87% Test Accuracy: 82.88% Time: 14.63s
Epoch 216/350 Train Accuracy: 84.19% Test Accuracy: 81.38% Time: 14.62s
Epoch 217/350 Train Accuracy: 86.49% Test Accuracy: 83.39% Time: 14.64s
Epoch 218/350 Train Accuracy: 85.27% Test Accuracy: 82.77% Time: 14.65s
Epoch 219/350 Train Accuracy: 89.61% Test Accuracy: 86.25% Time: 14.67s
Epoch 220/350 Train Accuracy: 86.00% Test Accuracy: 83.29% Time: 14.74s
Epoch 221/350 Train Accuracy: 85.95% Test Accuracy: 83.26% Time: 14.67s
Epoch 222/350 Train Accuracy: 82.25% Test Accuracy: 79.80% Time: 14.67s
Epoch 223/350 Train Accuracy: 82.45% Test Accuracy: 79.74% Time: 14.62s
Epoch 224/350 Train Accuracy: 83.39% Test Accuracy: 80.57% Time: 14.62s
Epoch 225/350 Train Accuracy: 82.34% Test Accuracy: 79.82% Time: 14.58s
Epoch 226/350 Train Accuracy: 85.72% Test Accuracy: 82.92% Time: 14.60s
Epoch 227/350 Train Accuracy: 84.46% Test Accuracy: 82.34% Time: 14.72s
Epoch 228/350 Train Accuracy: 86.29% Test Accuracy: 83.68% Time: 14.68s
Epoch 229/350 Train Accuracy: 86.02% Test Accuracy: 83.61% Time: 14.70s
Epoch 230/350 Train Accuracy: 86.11% Test Accuracy: 83.68% Time: 14.73s
Epoch 231/350 Train Accuracy: 84.96% Test Accuracy: 82.77% Time: 14.54s
Epoch 232/350 Train Accuracy: 90.58% Test Accuracy: 87.48% Time: 14.61s
Epoch 233/350 Train Accuracy: 90.39% Test Accuracy: 87.09% Time: 14.61s
Epoch 234/350 Train Accuracy: 86.33% Test Accuracy: 84.00% Time: 14.70s
Epoch 235/350 Train Accuracy: 90.11% Test Accuracy: 87.23% Time: 14.79s
Epoch 236/350 Train Accuracy: 90.57% Test Accuracy: 87.56% Time: 14.66s
Epoch 237/350 Train Accuracy: 90.90% Test Accuracy: 87.87% Time: 14.66s
Epoch 238/350 Train Accuracy: 90.11% Test Accuracy: 87.65% Time: 14.68s
Epoch 239/350 Train Accuracy: 87.83% Test Accuracy: 84.97% Time: 14.63s
Epoch 240/350 Train Accuracy: 88.41% Test Accuracy: 85.88% Time: 14.62s
Epoch 241/350 Train Accuracy: 90.69% Test Accuracy: 87.68% Time: 14.61s
Epoch 242/350 Train Accuracy: 88.86% Test Accuracy: 86.13% Time: 14.56s
Epoch 243/350 Train Accuracy: 87.81% Test Accuracy: 85.02% Time: 14.54s
Epoch 244/350 Train Accuracy: 88.69% Test Accuracy: 85.76% Time: 14.53s
Epoch 245/350 Train Accuracy: 90.01% Test Accuracy: 86.76% Time: 14.54s
Epoch 246/350 Train Accuracy: 90.48% Test Accuracy: 87.18% Time: 14.55s
Epoch 247/350 Train Accuracy: 89.39% Test Accuracy: 86.29% Time: 14.54s
Epoch 248/350 Train Accuracy: 89.85% Test Accuracy: 86.61% Time: 14.51s
Epoch 249/350 Train Accuracy: 89.82% Test Accuracy: 86.61% Time: 14.50s
Epoch 250/350 Train Accuracy: 87.34% Test Accuracy: 84.79% Time: 14.30s
Epoch 251/350 Train Accuracy: 85.80% Test Accuracy: 83.35% Time: 14.29s
Epoch 252/350 Train Accuracy: 87.97% Test Accuracy: 85.10% Time: 14.27s
Epoch 253/350 Train Accuracy: 90.39% Test Accuracy: 87.36% Time: 14.38s
Epoch 254/350 Train Accuracy: 89.89% Test Accuracy: 86.99% Time: 14.53s
Epoch 255/350 Train Accuracy: 90.84% Test Accuracy: 87.70% Time: 14.49s
Epoch 256/350 Train Accuracy: 89.03% Test Accuracy: 86.06% Time: 14.47s
Epoch 257/350 Train Accuracy: 90.47% Test Accuracy: 87.50% Time: 14.36s
Epoch 258/350 Train Accuracy: 90.61% Test Accuracy: 87.12% Time: 14.25s
Epoch 259/350 Train Accuracy: 91.92% Test Accuracy: 88.81% Time: 14.25s
Epoch 260/350 Train Accuracy: 91.51% Test Accuracy: 88.15% Time: 14.25s
Epoch 261/350 Train Accuracy: 91.45% Test Accuracy: 88.22% Time: 14.32s
Epoch 262/350 Train Accuracy: 87.85% Test Accuracy: 85.17% Time: 14.53s
Epoch 263/350 Train Accuracy: 89.16% Test Accuracy: 86.28% Time: 14.25s
Epoch 264/350 Train Accuracy: 86.46% Test Accuracy: 83.82% Time: 14.24s
Epoch 265/350 Train Accuracy: 86.65% Test Accuracy: 83.75% Time: 14.24s
Epoch 266/350 Train Accuracy: 85.67% Test Accuracy: 83.10% Time: 14.22s
Epoch 267/350 Train Accuracy: 87.67% Test Accuracy: 84.91% Time: 14.25s
Epoch 268/350 Train Accuracy: 89.57% Test Accuracy: 86.95% Time: 14.21s
Epoch 269/350 Train Accuracy: 89.95% Test Accuracy: 87.34% Time: 14.20s
Epoch 270/350 Train Accuracy: 91.31% Test Accuracy: 88.17% Time: 14.21s
Epoch 271/350 Train Accuracy: 89.13% Test Accuracy: 86.25% Time: 14.20s
Epoch 272/350 Train Accuracy: 88.13% Test Accuracy: 85.57% Time: 14.20s
Epoch 273/350 Train Accuracy: 85.70% Test Accuracy: 83.05% Time: 14.19s
Epoch 274/350 Train Accuracy: 91.86% Test Accuracy: 88.74% Time: 14.19s
Epoch 275/350 Train Accuracy: 89.48% Test Accuracy: 86.67% Time: 14.20s
Epoch 276/350 Train Accuracy: 89.32% Test Accuracy: 86.33% Time: 14.17s
Epoch 277/350 Train Accuracy: 88.45% Test Accuracy: 85.90% Time: 14.17s
Epoch 278/350 Train Accuracy: 91.02% Test Accuracy: 88.57% Time: 14.17s
Epoch 279/350 Train Accuracy: 90.20% Test Accuracy: 88.25% Time: 14.15s
Epoch 280/350 Train Accuracy: 90.22% Test Accuracy: 87.99% Time: 14.16s
Epoch 281/350 Train Accuracy: 91.29% Test Accuracy: 88.90% Time: 14.16s
Epoch 282/350 Train Accuracy: 91.73% Test Accuracy: 89.02% Time: 14.16s
Epoch 283/350 Train Accuracy: 92.11% Test Accuracy: 89.25% Time: 14.16s
Epoch 284/350 Train Accuracy: 90.95% Test Accuracy: 88.53% Time: 14.18s
Epoch 285/350 Train Accuracy: 89.22% Test Accuracy: 86.70% Time: 14.22s
Epoch 286/350 Train Accuracy: 90.97% Test Accuracy: 88.62% Time: 14.20s
Epoch 287/350 Train Accuracy: 90.31% Test Accuracy: 87.76% Time: 14.20s
Epoch 288/350 Train Accuracy: 86.39% Test Accuracy: 84.17% Time: 14.29s
Epoch 289/350 Train Accuracy: 87.59% Test Accuracy: 85.20% Time: 14.23s
Epoch 290/350 Train Accuracy: 87.88% Test Accuracy: 85.38% Time: 14.20s
Epoch 291/350 Train Accuracy: 91.14% Test Accuracy: 88.58% Time: 14.21s
Epoch 292/350 Train Accuracy: 92.36% Test Accuracy: 89.30% Time: 14.25s
Epoch 293/350 Train Accuracy: 92.05% Test Accuracy: 89.21% Time: 14.19s
Epoch 294/350 Train Accuracy: 92.16% Test Accuracy: 89.51% Time: 14.18s
Epoch 295/350 Train Accuracy: 92.14% Test Accuracy: 89.60% Time: 14.16s
Epoch 296/350 Train Accuracy: 93.57% Test Accuracy: 90.66% Time: 14.21s
Epoch 297/350 Train Accuracy: 92.15% Test Accuracy: 89.76% Time: 14.31s
Epoch 298/350 Train Accuracy: 93.49% Test Accuracy: 90.99% Time: 14.29s
Epoch 299/350 Train Accuracy: 94.02% Test Accuracy: 91.37% Time: 14.18s
Epoch 300/350 Train Accuracy: 94.01% Test Accuracy: 91.19% Time: 14.16s
Epoch 301/350 Train Accuracy: 93.76% Test Accuracy: 91.18% Time: 14.15s
Epoch 302/350 Train Accuracy: 93.11% Test Accuracy: 90.61% Time: 14.15s
Epoch 303/350 Train Accuracy: 93.88% Test Accuracy: 91.31% Time: 14.17s
Epoch 304/350 Train Accuracy: 93.38% Test Accuracy: 91.06% Time: 14.12s
Epoch 305/350 Train Accuracy: 92.43% Test Accuracy: 89.99% Time: 14.14s
Epoch 306/350 Train Accuracy: 92.56% Test Accuracy: 90.11% Time: 14.16s
Epoch 307/350 Train Accuracy: 93.88% Test Accuracy: 91.19% Time: 14.14s
Epoch 308/350 Train Accuracy: 92.30% Test Accuracy: 90.00% Time: 14.24s
Epoch 309/350 Train Accuracy: 93.36% Test Accuracy: 90.92% Time: 14.31s
Epoch 310/350 Train Accuracy: 93.45% Test Accuracy: 91.11% Time: 14.13s
Epoch 311/350 Train Accuracy: 94.02% Test Accuracy: 91.38% Time: 14.24s
Epoch 312/350 Train Accuracy: 91.07% Test Accuracy: 88.74% Time: 14.19s
Epoch 313/350 Train Accuracy: 91.77% Test Accuracy: 89.28% Time: 14.13s
Epoch 314/350 Train Accuracy: 93.14% Test Accuracy: 90.60% Time: 14.13s
Epoch 315/350 Train Accuracy: 89.25% Test Accuracy: 87.03% Time: 14.10s
Epoch 316/350 Train Accuracy: 91.84% Test Accuracy: 89.52% Time: 14.16s
Epoch 317/350 Train Accuracy: 90.77% Test Accuracy: 88.33% Time: 14.28s
Epoch 318/350 Train Accuracy: 94.12% Test Accuracy: 91.40% Time: 14.18s
Epoch 319/350 Train Accuracy: 93.59% Test Accuracy: 91.09% Time: 14.15s
Epoch 320/350 Train Accuracy: 93.51% Test Accuracy: 90.93% Time: 14.07s
Epoch 321/350 Train Accuracy: 94.67% Test Accuracy: 91.96% Time: 14.16s
Epoch 322/350 Train Accuracy: 91.81% Test Accuracy: 89.35% Time: 14.08s
Epoch 323/350 Train Accuracy: 93.19% Test Accuracy: 90.55% Time: 14.10s
Epoch 324/350 Train Accuracy: 92.48% Test Accuracy: 89.74% Time: 14.09s
Epoch 325/350 Train Accuracy: 88.28% Test Accuracy: 86.02% Time: 14.12s
Epoch 326/350 Train Accuracy: 89.98% Test Accuracy: 87.70% Time: 14.06s
Epoch 327/350 Train Accuracy: 89.69% Test Accuracy: 87.45% Time: 14.50s
Epoch 328/350 Train Accuracy: 91.33% Test Accuracy: 89.09% Time: 14.16s
Epoch 329/350 Train Accuracy: 93.49% Test Accuracy: 90.96% Time: 14.22s
Epoch 330/350 Train Accuracy: 90.96% Test Accuracy: 88.94% Time: 14.13s
Epoch 331/350 Train Accuracy: 90.18% Test Accuracy: 88.06% Time: 14.10s
Epoch 332/350 Train Accuracy: 90.33% Test Accuracy: 87.98% Time: 14.13s
Epoch 333/350 Train Accuracy: 91.57% Test Accuracy: 89.47% Time: 14.10s
Epoch 334/350 Train Accuracy: 90.84% Test Accuracy: 88.42% Time: 14.42s
Epoch 335/350 Train Accuracy: 92.29% Test Accuracy: 89.82% Time: 14.14s
Epoch 336/350 Train Accuracy: 93.33% Test Accuracy: 91.04% Time: 14.13s
Epoch 337/350 Train Accuracy: 90.09% Test Accuracy: 87.82% Time: 14.13s
Epoch 338/350 Train Accuracy: 92.56% Test Accuracy: 90.34% Time: 14.08s
Epoch 339/350 Train Accuracy: 93.11% Test Accuracy: 90.89% Time: 14.10s
Epoch 340/350 Train Accuracy: 94.08% Test Accuracy: 91.86% Time: 14.14s
Epoch 341/350 Train Accuracy: 94.52% Test Accuracy: 91.96% Time: 14.02s
Epoch 342/350 Train Accuracy: 91.95% Test Accuracy: 90.09% Time: 14.02s
Epoch 343/350 Train Accuracy: 92.31% Test Accuracy: 90.03% Time: 14.30s
Epoch 344/350 Train Accuracy: 95.23% Test Accuracy: 92.81% Time: 13.97s
Epoch 345/350 Train Accuracy: 94.39% Test Accuracy: 91.89% Time: 14.70s
Epoch 346/350 Train Accuracy: 94.57% Test Accuracy: 92.05% Time: 14.01s
Epoch 347/350 Train Accuracy: 92.38% Test Accuracy: 90.51% Time: 14.04s
Epoch 348/350 Train Accuracy: 93.68% Test Accuracy: 91.53% Time: 14.48s
Epoch 349/350 Train Accuracy: 93.73% Test Accuracy: 91.24% Time: 14.92s
Epoch 350/350 Train Accuracy: 91.67% Test Accuracy: 89.54% Time: 15.00s

Symbols: ['empty', 'red', 'blue', 'row_0', 'col_0', 'row_1', 'col_1', 'row_2', 'col_2', 'row_3', 'col_3', 'row_4', 'col_4', 'row_5', 'col_5', 'row_6', 'col_6', 'row_7', 'col_7', 'top', 'bottom', 'left', 'right']
Number of symbols: 23
Hypervector size: 256

Clause #0 Weights:(164 -317) x14 AND x41 AND x48 AND x123 AND x141 AND x184 AND x206 AND x242 AND NOT x8 AND NOT x15 AND NOT x21 AND NOT x30 AND NOT x32 AND NOT x35 AND NOT x38 AND NOT x42 AND NOT x50 AND NOT x51 AND NOT x67 AND NOT x79 AND NOT x80 AND NOT x85 AND NOT x88 AND NOT x89 AND NOT x98 AND NOT x99 AND NOT x106 AND NOT x110 AND NOT x111 AND NOT x128 AND NOT x136 AND NOT x140 AND NOT x147 AND NOT x149 AND NOT x154 AND NOT x161 AND NOT x170 AND NOT x173 AND NOT x176 AND NOT x178 AND NOT x185 AND NOT x190 AND NOT x203 AND NOT x210 AND NOT x222 AND NOT x224 AND NOT x227 AND NOT x233 AND NOT x235 AND NOT x244 AND NOT x251 AND NOT x254
Clause #1 Weights:(-1383 1721) x33 AND x35 AND x38 AND x67 AND x85 AND x88 AND x98 AND x111 AND x136 AND x149 AND x203 AND x227 AND NOT x2 AND NOT x14 AND NOT x15 AND NOT x22 AND NOT x30 AND NOT x41 AND NOT x42 AND NOT x44 AND NOT x48 AND NOT x50 AND NOT x51 AND NOT x54 AND NOT x76 AND NOT x79 AND NOT x89 AND NOT x99 AND NOT x110 AND NOT x120 AND NOT x123 AND NOT x135 AND NOT x141 AND NOT x147 AND NOT x156 AND NOT x171 AND NOT x173 AND NOT x176 AND NOT x178 AND NOT x184 AND NOT x185 AND NOT x190 AND NOT x206 AND NOT x210 AND NOT x215 AND NOT x221 AND NOT x223 AND NOT x224 AND NOT x233 AND NOT x235 AND NOT x241 AND NOT x242
Clause #2 Weights:(-201 -514) x1 AND x8 AND x33 AND x42 AND x80 AND x87 AND x122 AND x128 AND x140 AND x165 AND x166 AND x170 AND x208 AND x214 AND x244 AND x251 AND NOT x43 AND NOT x44 AND NOT x51 AND NOT x79 AND NOT x89 AND NOT x147 AND NOT x168 AND NOT x176 AND NOT x178 AND NOT x227 AND NOT x233
Clause #3 Weights:(838 -802) x44 AND x48 AND x86 AND x110 AND x123 AND x141 AND x184 AND x190 AND NOT x0 AND NOT x1 AND NOT x3 AND NOT x4 AND NOT x5 AND NOT x6 AND NOT x7 AND NOT x8 AND NOT x9 AND NOT x10 AND NOT x11 AND NOT x12 AND NOT x13 AND NOT x14 AND NOT x16 AND NOT x17 AND NOT x18 AND NOT x19 AND NOT x20 AND NOT x21 AND NOT x22 AND NOT x23 AND NOT x24 AND NOT x25 AND NOT x26 AND NOT x27 AND NOT x28 AND NOT x29 AND NOT x30 AND NOT x31 AND NOT x32 AND NOT x33 AND NOT x34 AND NOT x35 AND NOT x36 AND NOT x37 AND NOT x38 AND NOT x39 AND NOT x40 AND NOT x41 AND NOT x42 AND NOT x43 AND NOT x45 AND NOT x46 AND NOT x47 AND NOT x49 AND NOT x50 AND NOT x51 AND NOT x52 AND NOT x53 AND NOT x54 AND NOT x55 AND NOT x56 AND NOT x57 AND NOT x58 AND NOT x59 AND NOT x60 AND NOT x61 AND NOT x62 AND NOT x63 AND NOT x64 AND NOT x65 AND NOT x66 AND NOT x67 AND NOT x68 AND NOT x69 AND NOT x70 AND NOT x71 AND NOT x72 AND NOT x73 AND NOT x74 AND NOT x75 AND NOT x76 AND NOT x77 AND NOT x78 AND NOT x79 AND NOT x80 AND NOT x81 AND NOT x82 AND NOT x83 AND NOT x84 AND NOT x85 AND NOT x87 AND NOT x88 AND NOT x89 AND NOT x90 AND NOT x91 AND NOT x92 AND NOT x93 AND NOT x94 AND NOT x95 AND NOT x96 AND NOT x97 AND NOT x98 AND NOT x99 AND NOT x100 AND NOT x101 AND NOT x102 AND NOT x103 AND NOT x104 AND NOT x105 AND NOT x106 AND NOT x107 AND NOT x108 AND NOT x109 AND NOT x111 AND NOT x112 AND NOT x113 AND NOT x114 AND NOT x115 AND NOT x116 AND NOT x117 AND NOT x118 AND NOT x119 AND NOT x121 AND NOT x122 AND NOT x124 AND NOT x125 AND NOT x126 AND NOT x127 AND NOT x128 AND NOT x129 AND NOT x130 AND NOT x131 AND NOT x132 AND NOT x133 AND NOT x134 AND NOT x136 AND NOT x137 AND NOT x138 AND NOT x139 AND NOT x140 AND NOT x142 AND NOT x143 AND NOT x144 AND NOT x145 AND NOT x146 AND NOT x147 AND NOT x148 AND NOT x149 AND NOT x150 AND NOT x151 AND NOT x152 AND NOT x153 AND NOT x154 AND NOT x155 AND NOT x157 AND NOT x158 AND NOT x159 AND NOT x160 AND NOT x161 AND NOT x162 AND NOT x163 AND NOT x164 AND NOT x165 AND NOT x166 AND NOT x167 AND NOT x168 AND NOT x169 AND NOT x170 AND NOT x172 AND NOT x174 AND NOT x175 AND NOT x176 AND NOT x177 AND NOT x178 AND NOT x179 AND NOT x180 AND NOT x181 AND NOT x182 AND NOT x183 AND NOT x186 AND NOT x187 AND NOT x188 AND NOT x189 AND NOT x191 AND NOT x192 AND NOT x193 AND NOT x194 AND NOT x195 AND NOT x196 AND NOT x197 AND NOT x198 AND NOT x199 AND NOT x200 AND NOT x201 AND NOT x202 AND NOT x203 AND NOT x204 AND NOT x205 AND NOT x206 AND NOT x207 AND NOT x208 AND NOT x209 AND NOT x211 AND NOT x212 AND NOT x213 AND NOT x214 AND NOT x215 AND NOT x216 AND NOT x217 AND NOT x218 AND NOT x219 AND NOT x220 AND NOT x221 AND NOT x222 AND NOT x223 AND NOT x225 AND NOT x226 AND NOT x227 AND NOT x228 AND NOT x229 AND NOT x230 AND NOT x231 AND NOT x232 AND NOT x233 AND NOT x234 AND NOT x236 AND NOT x237 AND NOT x238 AND NOT x239 AND NOT x240 AND NOT x242 AND NOT x243 AND NOT x244 AND NOT x245 AND NOT x246 AND NOT x247 AND NOT x248 AND NOT x249 AND NOT x250 AND NOT x251 AND NOT x252 AND NOT x253 AND NOT x254 AND NOT x255
Clause #4 Weights:(-442 144) x2 AND x33 AND x88 AND x98 AND x111 AND x156 AND x224 AND x241 AND NOT x0 AND NOT x3 AND NOT x4 AND NOT x5 AND NOT x6 AND NOT x7 AND NOT x9 AND NOT x10 AND NOT x11 AND NOT x13 AND NOT x16 AND NOT x17 AND NOT x18 AND NOT x19 AND NOT x20 AND NOT x21 AND NOT x22 AND NOT x23 AND NOT x24 AND NOT x25 AND NOT x26 AND NOT x27 AND NOT x28 AND NOT x29 AND NOT x30 AND NOT x31 AND NOT x32 AND NOT x34 AND NOT x35 AND NOT x36 AND NOT x37 AND NOT x38 AND NOT x39 AND NOT x40 AND NOT x43 AND NOT x45 AND NOT x46 AND NOT x47 AND NOT x48 AND NOT x49 AND NOT x50 AND NOT x51 AND NOT x52 AND NOT x53 AND NOT x54 AND NOT x56 AND NOT x57 AND NOT x58 AND NOT x59 AND NOT x60 AND NOT x61 AND NOT x62 AND NOT x63 AND NOT x64 AND NOT x65 AND NOT x66 AND NOT x67 AND NOT x68 AND NOT x69 AND NOT x70 AND NOT x71 AND NOT x72 AND NOT x73 AND NOT x74 AND NOT x75 AND NOT x76 AND NOT x77 AND NOT x78 AND NOT x79 AND NOT x81 AND NOT x82 AND NOT x83 AND NOT x84 AND NOT x85 AND NOT x89 AND NOT x90 AND NOT x91 AND NOT x92 AND NOT x93 AND NOT x94 AND NOT x95 AND NOT x96 AND NOT x97 AND NOT x99 AND NOT x100 AND NOT x101 AND NOT x102 AND NOT x103 AND NOT x104 AND NOT x105 AND NOT x106 AND NOT x107 AND NOT x108 AND NOT x109 AND NOT x114 AND NOT x115 AND NOT x116 AND NOT x117 AND NOT x118 AND NOT x119 AND NOT x120 AND NOT x121 AND NOT x123 AND NOT x124 AND NOT x125 AND NOT x126 AND NOT x127 AND NOT x129 AND NOT x130 AND NOT x131 AND NOT x132 AND NOT x133 AND NOT x134 AND NOT x135 AND NOT x136 AND NOT x137 AND NOT x138 AND NOT x139 AND NOT x141 AND NOT x142 AND NOT x143 AND NOT x144 AND NOT x145 AND NOT x146 AND NOT x148 AND NOT x149 AND NOT x150 AND NOT x151 AND NOT x152 AND NOT x153 AND NOT x154 AND NOT x155 AND NOT x157 AND NOT x158 AND NOT x159 AND NOT x160 AND NOT x161 AND NOT x162 AND NOT x163 AND NOT x164 AND NOT x167 AND NOT x168 AND NOT x169 AND NOT x171 AND NOT x172 AND NOT x174 AND NOT x175 AND NOT x176 AND NOT x177 AND NOT x179 AND NOT x180 AND NOT x181 AND NOT x182 AND NOT x183 AND NOT x184 AND NOT x186 AND NOT x187 AND NOT x188 AND NOT x189 AND NOT x191 AND NOT x192 AND NOT x193 AND NOT x194 AND NOT x195 AND NOT x196 AND NOT x197 AND NOT x198 AND NOT x199 AND NOT x200 AND NOT x201 AND NOT x202 AND NOT x203 AND NOT x204 AND NOT x205 AND NOT x207 AND NOT x209 AND NOT x211 AND NOT x212 AND NOT x213 AND NOT x215 AND NOT x216 AND NOT x217 AND NOT x218 AND NOT x219 AND NOT x220 AND NOT x221 AND NOT x222 AND NOT x223 AND NOT x225 AND NOT x226 AND NOT x227 AND NOT x228 AND NOT x229 AND NOT x230 AND NOT x231 AND NOT x232 AND NOT x234 AND NOT x235 AND NOT x236 AND NOT x237 AND NOT x238 AND NOT x239 AND NOT x240 AND NOT x243 AND NOT x245 AND NOT x246 AND NOT x247 AND NOT x248 AND NOT x249 AND NOT x250 AND NOT x252 AND NOT x253 AND NOT x254 AND NOT x255
Clause #5 Weights:(-817 -573) x33 AND x44 AND x54 AND x88 AND x98 AND x111 AND x221 AND x223 AND NOT x0 AND NOT x1 AND NOT x3 AND NOT x4 AND NOT x5 AND NOT x6 AND NOT x7 AND NOT x9 AND NOT x10 AND NOT x11 AND NOT x12 AND NOT x13 AND NOT x14 AND NOT x16 AND NOT x17 AND NOT x18 AND NOT x19 AND NOT x20 AND NOT x21 AND NOT x22 AND NOT x23 AND NOT x24 AND NOT x25 AND NOT x26 AND NOT x27 AND NOT x28 AND NOT x29 AND NOT x31 AND NOT x32 AND NOT x34 AND NOT x36 AND NOT x37 AND NOT x39 AND NOT x40 AND NOT x41 AND NOT x43 AND NOT x45 AND NOT x46 AND NOT x47 AND NOT x48 AND NOT x49 AND NOT x51 AND NOT x52 AND NOT x53 AND NOT x55 AND NOT x56 AND NOT x57 AND NOT x58 AND NOT x59 AND NOT x60 AND NOT x61 AND NOT x62 AND NOT x63 AND NOT x64 AND NOT x65 AND NOT x66 AND NOT x68 AND NOT x69 AND NOT x70 AND NOT x71 AND NOT x72 AND NOT x73 AND NOT x74 AND NOT x75 AND NOT x76 AND NOT x77 AND NOT x78 AND NOT x79 AND NOT x81 AND NOT x82 AND NOT x83 AND NOT x84 AND NOT x86 AND NOT x87 AND NOT x89 AND NOT x90 AND NOT x91 AND NOT x92 AND NOT x93 AND NOT x94 AND NOT x95 AND NOT x96 AND NOT x97 AND NOT x99 AND NOT x100 AND NOT x101 AND NOT x102 AND NOT x103 AND NOT x104 AND NOT x105 AND NOT x106 AND NOT x107 AND NOT x108 AND NOT x109 AND NOT x110 AND NOT x112 AND NOT x113 AND NOT x114 AND NOT x115 AND NOT x116 AND NOT x117 AND NOT x118 AND NOT x119 AND NOT x120 AND NOT x121 AND NOT x122 AND NOT x123 AND NOT x124 AND NOT x125 AND NOT x126 AND NOT x127 AND NOT x129 AND NOT x130 AND NOT x131 AND NOT x132 AND NOT x133 AND NOT x134 AND NOT x135 AND NOT x137 AND NOT x138 AND NOT x139 AND NOT x141 AND NOT x142 AND NOT x143 AND NOT x144 AND NOT x145 AND NOT x146 AND NOT x147 AND NOT x148 AND NOT x150 AND NOT x151 AND NOT x152 AND NOT x153 AND NOT x154 AND NOT x155 AND NOT x157 AND NOT x158 AND NOT x159 AND NOT x160 AND NOT x161 AND NOT x162 AND NOT x163 AND NOT x164 AND NOT x165 AND NOT x166 AND NOT x167 AND NOT x168 AND NOT x169 AND NOT x171 AND NOT x172 AND NOT x174 AND NOT x175 AND NOT x176 AND NOT x177 AND NOT x178 AND NOT x179 AND NOT x180 AND NOT x181 AND NOT x182 AND NOT x183 AND NOT x184 AND NOT x186 AND NOT x187 AND NOT x188 AND NOT x189 AND NOT x190 AND NOT x191 AND NOT x192 AND NOT x193 AND NOT x194 AND NOT x195 AND NOT x196 AND NOT x197 AND NOT x198 AND NOT x199 AND NOT x200 AND NOT x201 AND NOT x202 AND NOT x204 AND NOT x205 AND NOT x206 AND NOT x207 AND NOT x208 AND NOT x209 AND NOT x211 AND NOT x212 AND NOT x213 AND NOT x214 AND NOT x215 AND NOT x216 AND NOT x217 AND NOT x218 AND NOT x219 AND NOT x220 AND NOT x222 AND NOT x225 AND NOT x226 AND NOT x228 AND NOT x229 AND NOT x230 AND NOT x231 AND NOT x232 AND NOT x233 AND NOT x234 AND NOT x235 AND NOT x236 AND NOT x237 AND NOT x238 AND NOT x239 AND NOT x240 AND NOT x242 AND NOT x243 AND NOT x245 AND NOT x246 AND NOT x247 AND NOT x248 AND NOT x249 AND NOT x250 AND NOT x252 AND NOT x253 AND NOT x254 AND NOT x255
Clause #6 Weights:(-426 -112) x1 AND x33 AND x48 AND x87 AND x122 AND x123 AND x141 AND x165 AND x166 AND x184 AND x208 AND x214 AND NOT x0 AND NOT x2 AND NOT x3 AND NOT x4 AND NOT x5 AND NOT x6 AND NOT x7 AND NOT x8 AND NOT x9 AND NOT x10 AND NOT x11 AND NOT x12 AND NOT x13 AND NOT x16 AND NOT x17 AND NOT x18 AND NOT x19 AND NOT x20 AND NOT x21 AND NOT x23 AND NOT x24 AND NOT x25 AND NOT x26 AND NOT x27 AND NOT x28 AND NOT x29 AND NOT x30 AND NOT x31 AND NOT x32 AND NOT x34 AND NOT x36 AND NOT x37 AND NOT x39 AND NOT x40 AND NOT x42 AND NOT x43 AND NOT x45 AND NOT x46 AND NOT x47 AND NOT x49 AND NOT x50 AND NOT x51 AND NOT x52 AND NOT x53 AND NOT x55 AND NOT x56 AND NOT x57 AND NOT x58 AND NOT x59 AND NOT x60 AND NOT x61 AND NOT x62 AND NOT x63 AND NOT x64 AND NOT x65 AND NOT x66 AND NOT x68 AND NOT x69 AND NOT x70 AND NOT x71 AND NOT x72 AND NOT x73 AND NOT x74 AND NOT x75 AND NOT x77 AND NOT x78 AND NOT x79 AND NOT x80 AND NOT x81 AND NOT x82 AND NOT x83 AND NOT x84 AND NOT x86 AND NOT x88 AND NOT x89 AND NOT x90 AND NOT x91 AND NOT x92 AND NOT x93 AND NOT x94 AND NOT x95 AND NOT x96 AND NOT x97 AND NOT x98 AND NOT x99 AND NOT x100 AND NOT x101 AND NOT x102 AND NOT x103 AND NOT x104 AND NOT x105 AND NOT x106 AND NOT x107 AND NOT x108 AND NOT x109 AND NOT x110 AND NOT x111 AND NOT x112 AND NOT x113 AND NOT x114 AND NOT x115 AND NOT x116 AND NOT x117 AND NOT x118 AND NOT x119 AND NOT x120 AND NOT x121 AND NOT x124 AND NOT x125 AND NOT x126 AND NOT x127 AND NOT x128 AND NOT x129 AND NOT x130 AND NOT x131 AND NOT x132 AND NOT x133 AND NOT x134 AND NOT x135 AND NOT x137 AND NOT x138 AND NOT x139 AND NOT x140 AND NOT x142 AND NOT x143 AND NOT x144 AND NOT x145 AND NOT x146 AND NOT x147 AND NOT x148 AND NOT x150 AND NOT x151 AND NOT x152 AND NOT x153 AND NOT x154 AND NOT x155 AND NOT x156 AND NOT x157 AND NOT x158 AND NOT x159 AND NOT x160 AND NOT x161 AND NOT x162 AND NOT x163 AND NOT x164 AND NOT x167 AND NOT x168 AND NOT x169 AND NOT x170 AND NOT x171 AND NOT x172 AND NOT x174 AND NOT x175 AND NOT x176 AND NOT x177 AND NOT x178 AND NOT x179 AND NOT x180 AND NOT x181 AND NOT x182 AND NOT x183 AND NOT x186 AND NOT x187 AND NOT x188 AND NOT x189 AND NOT x190 AND NOT x191 AND NOT x192 AND NOT x193 AND NOT x194 AND NOT x195 AND NOT x196 AND NOT x197 AND NOT x198 AND NOT x199 AND NOT x200 AND NOT x201 AND NOT x202 AND NOT x204 AND NOT x205 AND NOT x207 AND NOT x209 AND NOT x211 AND NOT x212 AND NOT x213 AND NOT x216 AND NOT x217 AND NOT x218 AND NOT x219 AND NOT x220 AND NOT x222 AND NOT x224 AND NOT x225 AND NOT x226 AND NOT x228 AND NOT x229 AND NOT x230 AND NOT x231 AND NOT x232 AND NOT x233 AND NOT x234 AND NOT x235 AND NOT x236 AND NOT x237 AND NOT x238 AND NOT x239 AND NOT x240 AND NOT x241 AND NOT x243 AND NOT x244 AND NOT x245 AND NOT x246 AND NOT x247 AND NOT x248 AND NOT x249 AND NOT x250 AND NOT x251 AND NOT x252 AND NOT x253 AND NOT x254 AND NOT x255
Clause #7 Weights:(207 -630) x33 AND x44 AND x54 AND x221 AND x223 AND NOT x1 AND NOT x8 AND NOT x12 AND NOT x35 AND NOT x38 AND NOT x42 AND NOT x43 AND NOT x51 AND NOT x55 AND NOT x67 AND NOT x79 AND NOT x80 AND NOT x85 AND NOT x86 AND NOT x87 AND NOT x89 AND NOT x99 AND NOT x110 AND NOT x112 AND NOT x113 AND NOT x122 AND NOT x128 AND NOT x136 AND NOT x140 AND NOT x147 AND NOT x149 AND NOT x165 AND NOT x166 AND NOT x168 AND NOT x170 AND NOT x176 AND NOT x178 AND NOT x190 AND NOT x203 AND NOT x208 AND NOT x214 AND NOT x224 AND NOT x233 AND NOT x244 AND NOT x251
Clause #8 Weights:(1044 -875) x2 AND x30 AND x33 AND x50 AND x88 AND x98 AND x111 AND x227 AND NOT x1 AND NOT x8 AND NOT x35 AND NOT x38 AND NOT x42 AND NOT x43 AND NOT x48 AND NOT x51 AND NOT x67 AND NOT x79 AND NOT x80 AND NOT x85 AND NOT x86 AND NOT x87 AND NOT x89 AND NOT x99 AND NOT x110 AND NOT x120 AND NOT x122 AND NOT x123 AND NOT x128 AND NOT x135 AND NOT x136 AND NOT x140 AND NOT x141 AND NOT x147 AND NOT x149 AND NOT x156 AND NOT x165 AND NOT x166 AND NOT x168 AND NOT x170 AND NOT x171 AND NOT x176 AND NOT x178 AND NOT x184 AND NOT x190 AND NOT x203 AND NOT x208 AND NOT x214 AND NOT x224 AND NOT x233 AND NOT x235 AND NOT x241 AND NOT x244 AND NOT x251
Clause #9 Weights:(1011 -1313) x14 AND x41 AND x48 AND x123 AND x141 AND x184 AND x206 AND x242 AND NOT x0 AND NOT x1 AND NOT x3 AND NOT x4 AND NOT x5 AND NOT x6 AND NOT x7 AND NOT x9 AND NOT x10 AND NOT x11 AND NOT x13 AND NOT x15 AND NOT x16 AND NOT x17 AND NOT x18 AND NOT x19 AND NOT x20 AND NOT x21 AND NOT x22 AND NOT x23 AND NOT x24 AND NOT x25 AND NOT x26 AND NOT x27 AND NOT x28 AND NOT x29 AND NOT x31 AND NOT x32 AND NOT x33 AND NOT x34 AND NOT x36 AND NOT x37 AND NOT x39 AND NOT x40 AND NOT x43 AND NOT x44 AND NOT x45 AND NOT x46 AND NOT x47 AND NOT x49 AND NOT x51 AND NOT x52 AND NOT x53 AND NOT x54 AND NOT x56 AND NOT x57 AND NOT x58 AND NOT x59 AND NOT x60 AND NOT x61 AND NOT x62 AND NOT x63 AND NOT x64 AND NOT x65 AND NOT x66 AND NOT x68 AND NOT x69 AND NOT x70 AND NOT x71 AND NOT x72 AND NOT x73 AND NOT x74 AND NOT x75 AND NOT x76 AND NOT x77 AND NOT x78 AND NOT x79 AND NOT x81 AND NOT x82 AND NOT x83 AND NOT x84 AND NOT x86 AND NOT x87 AND NOT x88 AND NOT x89 AND NOT x90 AND NOT x91 AND NOT x92 AND NOT x93 AND NOT x94 AND NOT x95 AND NOT x96 AND NOT x97 AND NOT x98 AND NOT x100 AND NOT x101 AND NOT x102 AND NOT x103 AND NOT x104 AND NOT x105 AND NOT x106 AND NOT x107 AND NOT x108 AND NOT x109 AND NOT x110 AND NOT x111 AND NOT x114 AND NOT x115 AND NOT x116 AND NOT x117 AND NOT x118 AND NOT x119 AND NOT x121 AND NOT x122 AND NOT x124 AND NOT x125 AND NOT x126 AND NOT x127 AND NOT x129 AND NOT x130 AND NOT x131 AND NOT x132 AND NOT x133 AND NOT x134 AND NOT x137 AND NOT x138 AND NOT x139 AND NOT x142 AND NOT x143 AND NOT x144 AND NOT x145 AND NOT x146 AND NOT x147 AND NOT x148 AND NOT x150 AND NOT x151 AND NOT x152 AND NOT x153 AND NOT x154 AND NOT x155 AND NOT x157 AND NOT x158 AND NOT x159 AND NOT x160 AND NOT x161 AND NOT x162 AND NOT x163 AND NOT x164 AND NOT x165 AND NOT x166 AND NOT x167 AND NOT x168 AND NOT x169 AND NOT x172 AND NOT x173 AND NOT x174 AND NOT x175 AND NOT x176 AND NOT x177 AND NOT x178 AND NOT x179 AND NOT x180 AND NOT x181 AND NOT x182 AND NOT x183 AND NOT x185 AND NOT x186 AND NOT x187 AND NOT x188 AND NOT x189 AND NOT x190 AND NOT x191 AND NOT x192 AND NOT x193 AND NOT x194 AND NOT x195 AND NOT x196 AND NOT x197 AND NOT x198 AND NOT x199 AND NOT x200 AND NOT x201 AND NOT x202 AND NOT x204 AND NOT x205 AND NOT x207 AND NOT x208 AND NOT x209 AND NOT x210 AND NOT x211 AND NOT x212 AND NOT x213 AND NOT x214 AND NOT x215 AND NOT x216 AND NOT x217 AND NOT x218 AND NOT x219 AND NOT x220 AND NOT x221 AND NOT x222 AND NOT x223 AND NOT x225 AND NOT x226 AND NOT x228 AND NOT x229 AND NOT x230 AND NOT x231 AND NOT x232 AND NOT x233 AND NOT x234 AND NOT x236 AND NOT x237 AND NOT x238 AND NOT x239 AND NOT x240 AND NOT x243 AND NOT x245 AND NOT x246 AND NOT x247 AND NOT x248 AND NOT x249 AND NOT x250 AND NOT x252 AND NOT x253 AND NOT x254 AND NOT x255



coder@coder-sanderw-alt-mulig-machine-6556954f87-w8jfr:~/teklit-maskin$ cat output.log 
Initialization of sparse structure.
Arguments:
  number_of_boards: 50000
  board_size: 8
  epochs: 500
  number_of_clauses: 10000
  T: 5555
  s: 1.0
  number_of_state_bits: 8
  depth: 2
  hypervector_size: 256
  hypervector_bits: 4
  message_size: 32
  message_bits: 4
  double_hashing: False
  one_hot_encoding: False
  max_included_literals: 120
Loaded 50000 games from data/hex_games_50000_size_8.csv
Creating graphs on dataset of length training: 40000, and test: 10000...
Training for 500 epochs...
Epoch 1/500 Train Accuracy: 67.12% Test Accuracy: 65.08% Time: 19.75s
Epoch 2/500 Train Accuracy: 68.16% Test Accuracy: 66.07% Time: 17.44s
Epoch 3/500 Train Accuracy: 73.79% Test Accuracy: 71.13% Time: 17.40s
Epoch 4/500 Train Accuracy: 72.99% Test Accuracy: 70.71% Time: 17.32s
Epoch 5/500 Train Accuracy: 75.69% Test Accuracy: 72.89% Time: 17.35s
Epoch 6/500 Train Accuracy: 74.28% Test Accuracy: 71.81% Time: 17.28s
Epoch 7/500 Train Accuracy: 76.44% Test Accuracy: 73.55% Time: 17.25s
Epoch 8/500 Train Accuracy: 75.88% Test Accuracy: 73.17% Time: 17.14s
Epoch 9/500 Train Accuracy: 75.11% Test Accuracy: 72.40% Time: 17.13s
Epoch 10/500 Train Accuracy: 78.34% Test Accuracy: 74.95% Time: 17.11s
Epoch 11/500 Train Accuracy: 72.05% Test Accuracy: 69.61% Time: 17.00s
Epoch 12/500 Train Accuracy: 71.34% Test Accuracy: 69.58% Time: 17.05s
Epoch 13/500 Train Accuracy: 77.56% Test Accuracy: 75.15% Time: 16.97s
Epoch 14/500 Train Accuracy: 74.55% Test Accuracy: 72.23% Time: 16.92s
Epoch 15/500 Train Accuracy: 74.52% Test Accuracy: 71.83% Time: 17.08s
Epoch 16/500 Train Accuracy: 74.86% Test Accuracy: 72.30% Time: 16.89s
Epoch 17/500 Train Accuracy: 74.13% Test Accuracy: 72.07% Time: 16.87s
Epoch 18/500 Train Accuracy: 80.18% Test Accuracy: 77.17% Time: 16.86s
Epoch 19/500 Train Accuracy: 79.83% Test Accuracy: 76.71% Time: 16.79s
Epoch 20/500 Train Accuracy: 79.48% Test Accuracy: 76.73% Time: 16.77s
Epoch 21/500 Train Accuracy: 74.44% Test Accuracy: 71.76% Time: 16.91s
Epoch 22/500 Train Accuracy: 77.87% Test Accuracy: 75.30% Time: 16.72s
Epoch 23/500 Train Accuracy: 77.98% Test Accuracy: 75.59% Time: 16.75s
Epoch 24/500 Train Accuracy: 77.73% Test Accuracy: 74.92% Time: 16.76s
Epoch 25/500 Train Accuracy: 77.75% Test Accuracy: 75.14% Time: 16.70s
Epoch 26/500 Train Accuracy: 76.66% Test Accuracy: 74.02% Time: 16.70s
Epoch 27/500 Train Accuracy: 80.80% Test Accuracy: 78.08% Time: 16.77s
Epoch 28/500 Train Accuracy: 79.08% Test Accuracy: 76.46% Time: 16.62s
Epoch 29/500 Train Accuracy: 77.42% Test Accuracy: 74.82% Time: 16.70s
Epoch 30/500 Train Accuracy: 78.07% Test Accuracy: 75.46% Time: 16.63s
Epoch 31/500 Train Accuracy: 76.07% Test Accuracy: 73.90% Time: 16.67s
Epoch 32/500 Train Accuracy: 81.30% Test Accuracy: 78.28% Time: 16.70s
Epoch 33/500 Train Accuracy: 74.86% Test Accuracy: 72.82% Time: 16.63s
Epoch 34/500 Train Accuracy: 79.57% Test Accuracy: 77.17% Time: 16.62s
Epoch 35/500 Train Accuracy: 78.79% Test Accuracy: 75.88% Time: 16.61s
Epoch 36/500 Train Accuracy: 78.55% Test Accuracy: 75.98% Time: 16.55s
Epoch 37/500 Train Accuracy: 80.19% Test Accuracy: 77.36% Time: 16.59s
Epoch 38/500 Train Accuracy: 77.61% Test Accuracy: 75.36% Time: 16.57s
Epoch 39/500 Train Accuracy: 79.35% Test Accuracy: 76.75% Time: 16.54s
Epoch 40/500 Train Accuracy: 83.03% Test Accuracy: 80.02% Time: 16.44s
Epoch 41/500 Train Accuracy: 80.55% Test Accuracy: 78.29% Time: 16.25s
Epoch 42/500 Train Accuracy: 81.70% Test Accuracy: 79.16% Time: 16.36s
Epoch 43/500 Train Accuracy: 79.29% Test Accuracy: 76.90% Time: 16.23s
Epoch 44/500 Train Accuracy: 84.52% Test Accuracy: 81.84% Time: 16.21s
Epoch 45/500 Train Accuracy: 85.93% Test Accuracy: 82.93% Time: 16.31s
Epoch 46/500 Train Accuracy: 87.23% Test Accuracy: 83.88% Time: 16.27s
Epoch 47/500 Train Accuracy: 87.00% Test Accuracy: 84.07% Time: 16.28s
Epoch 48/500 Train Accuracy: 88.81% Test Accuracy: 85.93% Time: 16.25s
Epoch 49/500 Train Accuracy: 85.49% Test Accuracy: 83.01% Time: 17.21s
Epoch 50/500 Train Accuracy: 81.49% Test Accuracy: 79.38% Time: 17.26s
Epoch 51/500 Train Accuracy: 80.69% Test Accuracy: 78.84% Time: 17.28s
Epoch 52/500 Train Accuracy: 80.35% Test Accuracy: 78.49% Time: 17.23s
Epoch 53/500 Train Accuracy: 81.59% Test Accuracy: 79.46% Time: 17.29s
Epoch 54/500 Train Accuracy: 82.20% Test Accuracy: 79.66% Time: 17.30s
Epoch 55/500 Train Accuracy: 86.98% Test Accuracy: 84.65% Time: 17.31s
Epoch 56/500 Train Accuracy: 83.48% Test Accuracy: 81.19% Time: 17.49s
Epoch 57/500 Train Accuracy: 87.23% Test Accuracy: 84.80% Time: 17.30s
Epoch 58/500 Train Accuracy: 84.82% Test Accuracy: 82.52% Time: 17.18s
Epoch 59/500 Train Accuracy: 83.47% Test Accuracy: 81.04% Time: 17.19s
Epoch 60/500 Train Accuracy: 83.46% Test Accuracy: 80.99% Time: 17.13s
Epoch 61/500 Train Accuracy: 83.64% Test Accuracy: 81.43% Time: 17.40s
Epoch 62/500 Train Accuracy: 82.29% Test Accuracy: 79.98% Time: 16.00s
Epoch 63/500 Train Accuracy: 73.31% Test Accuracy: 71.68% Time: 16.04s
Epoch 64/500 Train Accuracy: 80.65% Test Accuracy: 78.58% Time: 15.97s
Epoch 65/500 Train Accuracy: 85.89% Test Accuracy: 83.45% Time: 15.91s
Epoch 66/500 Train Accuracy: 84.63% Test Accuracy: 82.18% Time: 16.07s
Epoch 67/500 Train Accuracy: 82.20% Test Accuracy: 80.09% Time: 15.92s
Epoch 68/500 Train Accuracy: 79.18% Test Accuracy: 76.77% Time: 16.00s
Epoch 69/500 Train Accuracy: 86.96% Test Accuracy: 84.50% Time: 15.88s
Epoch 70/500 Train Accuracy: 85.08% Test Accuracy: 82.71% Time: 15.99s
Epoch 71/500 Train Accuracy: 91.39% Test Accuracy: 88.57% Time: 15.96s
Epoch 72/500 Train Accuracy: 88.43% Test Accuracy: 85.55% Time: 15.92s
Epoch 73/500 Train Accuracy: 87.08% Test Accuracy: 84.37% Time: 15.86s
Epoch 74/500 Train Accuracy: 79.87% Test Accuracy: 77.88% Time: 15.86s
Epoch 75/500 Train Accuracy: 78.80% Test Accuracy: 77.07% Time: 15.86s
Epoch 76/500 Train Accuracy: 75.92% Test Accuracy: 74.11% Time: 15.88s
Epoch 77/500 Train Accuracy: 77.04% Test Accuracy: 75.38% Time: 16.02s
Epoch 78/500 Train Accuracy: 88.72% Test Accuracy: 85.67% Time: 15.90s
Epoch 79/500 Train Accuracy: 79.96% Test Accuracy: 77.82% Time: 15.92s
Epoch 80/500 Train Accuracy: 76.05% Test Accuracy: 74.23% Time: 15.85s
Epoch 81/500 Train Accuracy: 81.78% Test Accuracy: 79.38% Time: 15.85s
Epoch 82/500 Train Accuracy: 78.41% Test Accuracy: 76.76% Time: 15.81s
Epoch 83/500 Train Accuracy: 74.38% Test Accuracy: 72.50% Time: 15.71s
Epoch 84/500 Train Accuracy: 66.66% Test Accuracy: 65.64% Time: 15.74s
Epoch 85/500 Train Accuracy: 72.69% Test Accuracy: 71.06% Time: 15.68s
Epoch 86/500 Train Accuracy: 81.30% Test Accuracy: 79.66% Time: 15.64s
Epoch 87/500 Train Accuracy: 79.25% Test Accuracy: 77.21% Time: 15.64s
Epoch 88/500 Train Accuracy: 81.38% Test Accuracy: 79.42% Time: 15.61s
Epoch 89/500 Train Accuracy: 77.80% Test Accuracy: 75.65% Time: 15.59s
Epoch 90/500 Train Accuracy: 76.70% Test Accuracy: 75.08% Time: 15.60s
Epoch 91/500 Train Accuracy: 86.09% Test Accuracy: 83.65% Time: 15.59s
Epoch 92/500 Train Accuracy: 91.27% Test Accuracy: 88.80% Time: 15.56s
Epoch 93/500 Train Accuracy: 81.45% Test Accuracy: 79.13% Time: 15.56s
Epoch 94/500 Train Accuracy: 83.64% Test Accuracy: 81.25% Time: 15.55s
Epoch 95/500 Train Accuracy: 85.73% Test Accuracy: 83.05% Time: 15.54s
Epoch 96/500 Train Accuracy: 86.52% Test Accuracy: 84.16% Time: 15.55s
Epoch 97/500 Train Accuracy: 89.38% Test Accuracy: 86.70% Time: 15.57s
Epoch 98/500 Train Accuracy: 86.89% Test Accuracy: 84.61% Time: 15.52s
Epoch 99/500 Train Accuracy: 94.48% Test Accuracy: 92.21% Time: 15.50s
Epoch 100/500 Train Accuracy: 92.34% Test Accuracy: 89.78% Time: 15.51s
Epoch 101/500 Train Accuracy: 92.36% Test Accuracy: 89.99% Time: 15.50s
Epoch 102/500 Train Accuracy: 92.70% Test Accuracy: 89.60% Time: 15.48s
Epoch 103/500 Train Accuracy: 92.61% Test Accuracy: 89.98% Time: 15.50s
Epoch 104/500 Train Accuracy: 94.26% Test Accuracy: 91.72% Time: 15.67s
Epoch 105/500 Train Accuracy: 91.50% Test Accuracy: 88.99% Time: 15.51s
Epoch 106/500 Train Accuracy: 89.76% Test Accuracy: 87.05% Time: 15.44s
Epoch 107/500 Train Accuracy: 94.95% Test Accuracy: 92.42% Time: 15.44s
Epoch 108/500 Train Accuracy: 91.94% Test Accuracy: 89.11% Time: 15.44s
Epoch 109/500 Train Accuracy: 92.97% Test Accuracy: 90.50% Time: 15.62s
Epoch 110/500 Train Accuracy: 92.92% Test Accuracy: 90.44% Time: 15.49s
Epoch 111/500 Train Accuracy: 90.23% Test Accuracy: 87.60% Time: 15.45s
Epoch 112/500 Train Accuracy: 93.00% Test Accuracy: 90.46% Time: 15.44s
Epoch 113/500 Train Accuracy: 95.57% Test Accuracy: 93.15% Time: 15.45s
Epoch 114/500 Train Accuracy: 97.21% Test Accuracy: 95.25% Time: 15.47s
Epoch 115/500 Train Accuracy: 97.58% Test Accuracy: 95.78% Time: 15.43s
Epoch 116/500 Train Accuracy: 95.47% Test Accuracy: 92.96% Time: 15.44s
Epoch 117/500 Train Accuracy: 96.55% Test Accuracy: 94.45% Time: 15.44s
Epoch 118/500 Train Accuracy: 98.16% Test Accuracy: 96.54% Time: 15.40s
Epoch 119/500 Train Accuracy: 98.23% Test Accuracy: 96.52% Time: 15.46s
Epoch 120/500 Train Accuracy: 97.12% Test Accuracy: 95.09% Time: 15.42s
Epoch 121/500 Train Accuracy: 96.96% Test Accuracy: 95.20% Time: 15.40s
Epoch 122/500 Train Accuracy: 98.40% Test Accuracy: 96.68% Time: 15.36s
Epoch 123/500 Train Accuracy: 96.92% Test Accuracy: 94.87% Time: 15.41s
Epoch 124/500 Train Accuracy: 95.01% Test Accuracy: 92.69% Time: 15.33s
Epoch 125/500 Train Accuracy: 97.81% Test Accuracy: 95.76% Time: 15.36s
Epoch 126/500 Train Accuracy: 97.54% Test Accuracy: 95.59% Time: 15.40s
Epoch 127/500 Train Accuracy: 98.02% Test Accuracy: 96.24% Time: 15.42s
Epoch 128/500 Train Accuracy: 98.61% Test Accuracy: 96.97% Time: 15.35s
Epoch 129/500 Train Accuracy: 97.62% Test Accuracy: 95.84% Time: 15.32s
Epoch 130/500 Train Accuracy: 97.14% Test Accuracy: 95.45% Time: 15.33s
Epoch 131/500 Train Accuracy: 96.53% Test Accuracy: 94.50% Time: 15.32s
Epoch 132/500 Train Accuracy: 96.19% Test Accuracy: 94.05% Time: 15.32s
Epoch 133/500 Train Accuracy: 95.76% Test Accuracy: 93.14% Time: 15.29s
Epoch 134/500 Train Accuracy: 97.15% Test Accuracy: 94.90% Time: 15.25s
Epoch 135/500 Train Accuracy: 98.17% Test Accuracy: 96.68% Time: 15.25s
Epoch 136/500 Train Accuracy: 96.76% Test Accuracy: 94.57% Time: 15.24s
Epoch 137/500 Train Accuracy: 93.00% Test Accuracy: 90.43% Time: 15.23s
Epoch 138/500 Train Accuracy: 96.70% Test Accuracy: 94.74% Time: 15.26s
Epoch 139/500 Train Accuracy: 97.66% Test Accuracy: 95.93% Time: 15.17s
Epoch 140/500 Train Accuracy: 97.45% Test Accuracy: 95.72% Time: 15.16s
Epoch 141/500 Train Accuracy: 95.76% Test Accuracy: 93.91% Time: 15.29s
Epoch 142/500 Train Accuracy: 97.36% Test Accuracy: 95.63% Time: 15.26s
Epoch 143/500 Train Accuracy: 97.48% Test Accuracy: 95.45% Time: 15.14s
Epoch 144/500 Train Accuracy: 94.45% Test Accuracy: 92.28% Time: 15.16s
Epoch 145/500 Train Accuracy: 95.98% Test Accuracy: 94.05% Time: 15.43s
Epoch 146/500 Train Accuracy: 94.11% Test Accuracy: 91.64% Time: 15.12s
Epoch 147/500 Train Accuracy: 93.58% Test Accuracy: 90.95% Time: 15.11s
Epoch 148/500 Train Accuracy: 95.54% Test Accuracy: 93.43% Time: 15.11s
Epoch 149/500 Train Accuracy: 95.12% Test Accuracy: 92.95% Time: 15.08s
Epoch 150/500 Train Accuracy: 95.80% Test Accuracy: 93.60% Time: 15.06s
Epoch 151/500 Train Accuracy: 98.05% Test Accuracy: 96.45% Time: 15.07s
Epoch 152/500 Train Accuracy: 96.57% Test Accuracy: 94.66% Time: 15.08s
Epoch 153/500 Train Accuracy: 97.09% Test Accuracy: 95.26% Time: 15.19s
Epoch 154/500 Train Accuracy: 97.86% Test Accuracy: 96.19% Time: 15.21s
Epoch 155/500 Train Accuracy: 98.68% Test Accuracy: 97.22% Time: 15.16s
Epoch 156/500 Train Accuracy: 98.38% Test Accuracy: 96.90% Time: 15.04s
Epoch 157/500 Train Accuracy: 98.68% Test Accuracy: 97.31% Time: 15.21s
Epoch 158/500 Train Accuracy: 99.30% Test Accuracy: 98.33% Time: 15.04s
Epoch 159/500 Train Accuracy: 99.33% Test Accuracy: 98.38% Time: 15.17s
Epoch 160/500 Train Accuracy: 97.03% Test Accuracy: 95.18% Time: 15.01s
Epoch 161/500 Train Accuracy: 99.39% Test Accuracy: 98.42% Time: 15.02s
Epoch 162/500 Train Accuracy: 99.22% Test Accuracy: 98.15% Time: 15.00s
Epoch 163/500 Train Accuracy: 99.29% Test Accuracy: 98.28% Time: 15.02s
Epoch 164/500 Train Accuracy: 99.60% Test Accuracy: 98.68% Time: 15.09s
Epoch 165/500 Train Accuracy: 99.77% Test Accuracy: 99.13% Time: 15.16s
Epoch 166/500 Train Accuracy: 99.59% Test Accuracy: 98.71% Time: 15.07s
Epoch 167/500 Train Accuracy: 99.43% Test Accuracy: 98.61% Time: 15.10s
Epoch 168/500 Train Accuracy: 99.42% Test Accuracy: 98.56% Time: 15.10s
Epoch 169/500 Train Accuracy: 99.61% Test Accuracy: 98.86% Time: 15.11s
Epoch 170/500 Train Accuracy: 99.21% Test Accuracy: 98.13% Time: 15.13s
Epoch 171/500 Train Accuracy: 99.49% Test Accuracy: 98.45% Time: 15.11s
Epoch 172/500 Train Accuracy: 99.73% Test Accuracy: 98.98% Time: 15.17s
Epoch 173/500 Train Accuracy: 99.82% Test Accuracy: 99.21% Time: 15.02s
Epoch 174/500 Train Accuracy: 99.63% Test Accuracy: 98.94% Time: 15.02s
Epoch 175/500 Train Accuracy: 99.05% Test Accuracy: 97.78% Time: 15.00s
Epoch 176/500 Train Accuracy: 99.36% Test Accuracy: 98.44% Time: 15.14s
Epoch 177/500 Train Accuracy: 98.92% Test Accuracy: 97.55% Time: 15.18s
Epoch 178/500 Train Accuracy: 97.15% Test Accuracy: 95.40% Time: 15.05s
Epoch 179/500 Train Accuracy: 99.34% Test Accuracy: 98.43% Time: 15.02s
Epoch 180/500 Train Accuracy: 99.05% Test Accuracy: 97.86% Time: 15.00s
Epoch 181/500 Train Accuracy: 99.27% Test Accuracy: 98.27% Time: 15.02s
Epoch 182/500 Train Accuracy: 99.43% Test Accuracy: 98.49% Time: 15.01s
Epoch 183/500 Train Accuracy: 99.19% Test Accuracy: 98.20% Time: 15.04s
Epoch 184/500 Train Accuracy: 99.31% Test Accuracy: 98.24% Time: 14.93s
Epoch 185/500 Train Accuracy: 99.59% Test Accuracy: 98.74% Time: 15.01s
Epoch 186/500 Train Accuracy: 99.65% Test Accuracy: 98.91% Time: 15.01s
Epoch 187/500 Train Accuracy: 99.78% Test Accuracy: 99.16% Time: 14.99s
Epoch 188/500 Train Accuracy: 99.85% Test Accuracy: 99.36% Time: 14.97s
Epoch 189/500 Train Accuracy: 99.83% Test Accuracy: 99.34% Time: 14.99s
Epoch 190/500 Train Accuracy: 99.79% Test Accuracy: 99.16% Time: 14.98s
Epoch 191/500 Train Accuracy: 99.90% Test Accuracy: 99.39% Time: 15.01s
Epoch 192/500 Train Accuracy: 99.89% Test Accuracy: 99.41% Time: 15.04s
Epoch 193/500 Train Accuracy: 99.89% Test Accuracy: 99.46% Time: 14.99s
Epoch 194/500 Train Accuracy: 99.89% Test Accuracy: 99.42% Time: 14.88s
Epoch 195/500 Train Accuracy: 99.91% Test Accuracy: 99.36% Time: 14.92s
Epoch 196/500 Train Accuracy: 99.92% Test Accuracy: 99.42% Time: 14.92s
Epoch 197/500 Train Accuracy: 99.92% Test Accuracy: 99.37% Time: 15.08s
Epoch 198/500 Train Accuracy: 99.91% Test Accuracy: 99.38% Time: 14.98s
Epoch 199/500 Train Accuracy: 99.95% Test Accuracy: 99.56% Time: 15.05s
Epoch 200/500 Train Accuracy: 99.94% Test Accuracy: 99.56% Time: 15.00s
Epoch 201/500 Train Accuracy: 99.93% Test Accuracy: 99.49% Time: 14.97s
Epoch 202/500 Train Accuracy: 99.91% Test Accuracy: 99.46% Time: 14.95s
Epoch 203/500 Train Accuracy: 99.94% Test Accuracy: 99.62% Time: 14.93s
Epoch 204/500 Train Accuracy: 99.94% Test Accuracy: 99.56% Time: 14.94s
Epoch 205/500 Train Accuracy: 99.92% Test Accuracy: 99.50% Time: 14.91s
Epoch 206/500 Train Accuracy: 99.98% Test Accuracy: 99.63% Time: 14.80s
Epoch 207/500 Train Accuracy: 99.94% Test Accuracy: 99.58% Time: 14.94s
Epoch 208/500 Train Accuracy: 99.92% Test Accuracy: 99.48% Time: 14.87s
Epoch 209/500 Train Accuracy: 99.95% Test Accuracy: 99.55% Time: 14.85s
Epoch 210/500 Train Accuracy: 99.97% Test Accuracy: 99.64% Time: 14.87s
Epoch 211/500 Train Accuracy: 99.98% Test Accuracy: 99.68% Time: 14.86s
Epoch 212/500 Train Accuracy: 99.98% Test Accuracy: 99.76% Time: 14.91s
Epoch 213/500 Train Accuracy: 99.98% Test Accuracy: 99.75% Time: 14.90s
Epoch 214/500 Train Accuracy: 99.95% Test Accuracy: 99.56% Time: 14.77s
Epoch 215/500 Train Accuracy: 99.99% Test Accuracy: 99.75% Time: 14.80s
Epoch 216/500 Train Accuracy: 99.98% Test Accuracy: 99.69% Time: 14.87s
Epoch 217/500 Train Accuracy: 99.99% Test Accuracy: 99.82% Time: 14.75s
Epoch 218/500 Train Accuracy: 99.96% Test Accuracy: 99.68% Time: 14.62s
Epoch 219/500 Train Accuracy: 99.98% Test Accuracy: 99.83% Time: 14.73s
Epoch 220/500 Train Accuracy: 99.97% Test Accuracy: 99.75% Time: 14.69s
Epoch 221/500 Train Accuracy: 99.96% Test Accuracy: 99.70% Time: 14.75s
Epoch 222/500 Train Accuracy: 99.98% Test Accuracy: 99.73% Time: 14.79s
Epoch 223/500 Train Accuracy: 99.98% Test Accuracy: 99.74% Time: 14.69s
Epoch 224/500 Train Accuracy: 99.98% Test Accuracy: 99.79% Time: 14.70s
Epoch 225/500 Train Accuracy: 99.99% Test Accuracy: 99.80% Time: 14.65s
Epoch 226/500 Train Accuracy: 99.98% Test Accuracy: 99.85% Time: 14.64s
Epoch 227/500 Train Accuracy: 99.99% Test Accuracy: 99.88% Time: 14.68s
Epoch 228/500 Train Accuracy: 99.99% Test Accuracy: 99.82% Time: 14.68s
Epoch 229/500 Train Accuracy: 99.98% Test Accuracy: 99.74% Time: 14.68s
Epoch 230/500 Train Accuracy: 99.99% Test Accuracy: 99.82% Time: 14.65s
Epoch 231/500 Train Accuracy: 99.98% Test Accuracy: 99.69% Time: 14.66s
Epoch 232/500 Train Accuracy: 99.98% Test Accuracy: 99.69% Time: 14.61s
Epoch 233/500 Train Accuracy: 99.99% Test Accuracy: 99.83% Time: 14.57s
Epoch 234/500 Train Accuracy: 99.98% Test Accuracy: 99.73% Time: 14.55s
Epoch 235/500 Train Accuracy: 99.99% Test Accuracy: 99.82% Time: 14.63s
Epoch 236/500 Train Accuracy: 99.99% Test Accuracy: 99.83% Time: 14.73s
Epoch 237/500 Train Accuracy: 100.00% Test Accuracy: 99.83% Time: 14.64s
Epoch 238/500 Train Accuracy: 99.99% Test Accuracy: 99.84% Time: 14.66s
Epoch 239/500 Train Accuracy: 99.99% Test Accuracy: 99.74% Time: 14.66s
Epoch 240/500 Train Accuracy: 100.00% Test Accuracy: 99.79% Time: 14.61s
Epoch 241/500 Train Accuracy: 100.00% Test Accuracy: 99.82% Time: 14.58s
Epoch 242/500 Train Accuracy: 99.99% Test Accuracy: 99.77% Time: 14.63s
Epoch 243/500 Train Accuracy: 100.00% Test Accuracy: 99.82% Time: 14.60s
Epoch 244/500 Train Accuracy: 99.98% Test Accuracy: 99.63% Time: 14.60s
Epoch 245/500 Train Accuracy: 99.99% Test Accuracy: 99.72% Time: 14.60s
Epoch 246/500 Train Accuracy: 99.99% Test Accuracy: 99.80% Time: 14.57s
Epoch 247/500 Train Accuracy: 100.00% Test Accuracy: 99.85% Time: 14.66s
Epoch 248/500 Train Accuracy: 99.99% Test Accuracy: 99.76% Time: 14.63s
Epoch 249/500 Train Accuracy: 100.00% Test Accuracy: 99.77% Time: 14.64s
Epoch 250/500 Train Accuracy: 100.00% Test Accuracy: 99.83% Time: 14.65s
Epoch 251/500 Train Accuracy: 100.00% Test Accuracy: 99.79% Time: 14.57s
Epoch 252/500 Train Accuracy: 99.99% Test Accuracy: 99.73% Time: 14.63s
Epoch 253/500 Train Accuracy: 99.99% Test Accuracy: 99.87% Time: 14.67s
Epoch 254/500 Train Accuracy: 100.00% Test Accuracy: 99.85% Time: 14.64s
Epoch 255/500 Train Accuracy: 100.00% Test Accuracy: 99.84% Time: 14.67s
Epoch 256/500 Train Accuracy: 99.99% Test Accuracy: 99.80% Time: 14.59s
Epoch 257/500 Train Accuracy: 100.00% Test Accuracy: 99.86% Time: 14.67s
Epoch 258/500 Train Accuracy: 100.00% Test Accuracy: 99.83% Time: 14.68s
Epoch 259/500 Train Accuracy: 99.99% Test Accuracy: 99.76% Time: 14.67s
Epoch 260/500 Train Accuracy: 99.99% Test Accuracy: 99.86% Time: 14.59s
Epoch 261/500 Train Accuracy: 100.00% Test Accuracy: 99.92% Time: 14.57s
Epoch 262/500 Train Accuracy: 99.98% Test Accuracy: 99.83% Time: 15.15s
Epoch 263/500 Train Accuracy: 100.00% Test Accuracy: 99.90% Time: 14.57s
Epoch 264/500 Train Accuracy: 99.99% Test Accuracy: 99.92% Time: 14.57s
Epoch 265/500 Train Accuracy: 100.00% Test Accuracy: 99.94% Time: 14.55s
Epoch 266/500 Train Accuracy: 100.00% Test Accuracy: 99.92% Time: 14.55s
Epoch 267/500 Train Accuracy: 100.00% Test Accuracy: 99.89% Time: 14.63s
Epoch 268/500 Train Accuracy: 100.00% Test Accuracy: 99.94% Time: 14.55s
Epoch 269/500 Train Accuracy: 100.00% Test Accuracy: 99.92% Time: 14.53s
Epoch 270/500 Train Accuracy: 99.99% Test Accuracy: 99.89% Time: 14.56s
Epoch 271/500 Train Accuracy: 100.00% Test Accuracy: 99.95% Time: 14.59s
Epoch 272/500 Train Accuracy: 100.00% Test Accuracy: 99.92% Time: 14.50s
Epoch 273/500 Train Accuracy: 100.00% Test Accuracy: 99.93% Time: 14.76s
Epoch 274/500 Train Accuracy: 100.00% Test Accuracy: 99.88% Time: 14.52s
Epoch 275/500 Train Accuracy: 100.00% Test Accuracy: 99.96% Time: 14.52s
Epoch 276/500 Train Accuracy: 100.00% Test Accuracy: 99.94% Time: 14.51s
Epoch 277/500 Train Accuracy: 100.00% Test Accuracy: 99.94% Time: 14.51s
Epoch 278/500 Train Accuracy: 100.00% Test Accuracy: 99.90% Time: 14.50s
Epoch 279/500 Train Accuracy: 100.00% Test Accuracy: 99.93% Time: 14.42s
Epoch 280/500 Train Accuracy: 100.00% Test Accuracy: 99.92% Time: 14.47s
Epoch 281/500 Train Accuracy: 100.00% Test Accuracy: 99.98% Time: 14.48s
Epoch 282/500 Train Accuracy: 100.00% Test Accuracy: 99.92% Time: 14.41s
Epoch 283/500 Train Accuracy: 100.00% Test Accuracy: 99.92% Time: 14.47s
Epoch 284/500 Train Accuracy: 100.00% Test Accuracy: 99.82% Time: 14.48s
Epoch 285/500 Train Accuracy: 100.00% Test Accuracy: 99.92% Time: 14.81s
Epoch 286/500 Train Accuracy: 100.00% Test Accuracy: 99.94% Time: 14.55s
Epoch 287/500 Train Accuracy: 100.00% Test Accuracy: 99.93% Time: 14.45s
Epoch 288/500 Train Accuracy: 100.00% Test Accuracy: 99.90% Time: 14.56s
Epoch 289/500 Train Accuracy: 100.00% Test Accuracy: 99.91% Time: 14.46s
Epoch 290/500 Train Accuracy: 100.00% Test Accuracy: 99.85% Time: 14.47s
Epoch 291/500 Train Accuracy: 100.00% Test Accuracy: 99.90% Time: 14.48s
Epoch 292/500 Train Accuracy: 100.00% Test Accuracy: 99.95% Time: 14.60s
Epoch 293/500 Train Accuracy: 100.00% Test Accuracy: 99.95% Time: 14.70s
Epoch 294/500 Train Accuracy: 100.00% Test Accuracy: 99.90% Time: 14.46s
Epoch 295/500 Train Accuracy: 100.00% Test Accuracy: 99.81% Time: 14.45s
Epoch 296/500 Train Accuracy: 100.00% Test Accuracy: 99.88% Time: 14.47s
Epoch 297/500 Train Accuracy: 100.00% Test Accuracy: 99.90% Time: 14.42s
Epoch 298/500 Train Accuracy: 100.00% Test Accuracy: 99.94% Time: 14.43s
Epoch 299/500 Train Accuracy: 100.00% Test Accuracy: 99.94% Time: 14.42s
Epoch 300/500 Train Accuracy: 100.00% Test Accuracy: 99.92% Time: 14.47s
Epoch 301/500 Train Accuracy: 100.00% Test Accuracy: 99.96% Time: 14.45s
Epoch 302/500 Train Accuracy: 100.00% Test Accuracy: 99.92% Time: 14.45s
Epoch 303/500 Train Accuracy: 100.00% Test Accuracy: 99.86% Time: 14.47s
Epoch 304/500 Train Accuracy: 100.00% Test Accuracy: 99.93% Time: 14.59s
Epoch 305/500 Train Accuracy: 100.00% Test Accuracy: 99.88% Time: 14.59s
Epoch 306/500 Train Accuracy: 100.00% Test Accuracy: 99.91% Time: 14.53s
Epoch 307/500 Train Accuracy: 100.00% Test Accuracy: 99.95% Time: 15.00s
Epoch 308/500 Train Accuracy: 100.00% Test Accuracy: 99.92% Time: 14.46s
Epoch 309/500 Train Accuracy: 100.00% Test Accuracy: 99.94% Time: 14.40s
Epoch 310/500 Train Accuracy: 100.00% Test Accuracy: 99.91% Time: 14.45s
Epoch 311/500 Train Accuracy: 100.00% Test Accuracy: 99.95% Time: 14.45s
Epoch 312/500 Train Accuracy: 100.00% Test Accuracy: 99.93% Time: 14.50s
Epoch 313/500 Train Accuracy: 100.00% Test Accuracy: 99.95% Time: 14.55s
Epoch 314/500 Train Accuracy: 100.00% Test Accuracy: 99.99% Time: 14.49s
Epoch 315/500 Train Accuracy: 100.00% Test Accuracy: 99.98% Time: 14.46s
Epoch 316/500 Train Accuracy: 100.00% Test Accuracy: 99.97% Time: 14.47s
Epoch 317/500 Train Accuracy: 100.00% Test Accuracy: 99.97% Time: 14.41s
Epoch 318/500 Train Accuracy: 100.00% Test Accuracy: 99.98% Time: 14.36s
Epoch 319/500 Train Accuracy: 100.00% Test Accuracy: 99.96% Time: 14.40s
Epoch 320/500 Train Accuracy: 100.00% Test Accuracy: 99.96% Time: 14.36s
Epoch 321/500 Train Accuracy: 99.42% Test Accuracy: 98.65% Time: 14.41s
Epoch 322/500 Train Accuracy: 100.00% Test Accuracy: 99.95% Time: 14.36s
Epoch 323/500 Train Accuracy: 99.99% Test Accuracy: 99.96% Time: 14.40s
Epoch 324/500 Train Accuracy: 99.94% Test Accuracy: 99.81% Time: 14.40s
Epoch 325/500 Train Accuracy: 100.00% Test Accuracy: 99.95% Time: 14.42s
Epoch 326/500 Train Accuracy: 99.99% Test Accuracy: 99.94% Time: 14.38s
Epoch 327/500 Train Accuracy: 99.99% Test Accuracy: 99.95% Time: 14.38s
Epoch 328/500 Train Accuracy: 99.99% Test Accuracy: 99.89% Time: 14.37s
Epoch 329/500 Train Accuracy: 99.95% Test Accuracy: 99.81% Time: 14.46s
Epoch 330/500 Train Accuracy: 99.95% Test Accuracy: 99.87% Time: 14.51s
Epoch 331/500 Train Accuracy: 100.00% Test Accuracy: 99.86% Time: 14.42s
Epoch 332/500 Train Accuracy: 99.99% Test Accuracy: 99.90% Time: 14.52s
Epoch 333/500 Train Accuracy: 100.00% Test Accuracy: 99.93% Time: 14.42s
Epoch 334/500 Train Accuracy: 100.00% Test Accuracy: 99.89% Time: 14.49s
Epoch 335/500 Train Accuracy: 100.00% Test Accuracy: 99.94% Time: 14.43s
Epoch 336/500 Train Accuracy: 100.00% Test Accuracy: 99.94% Time: 14.49s
Epoch 337/500 Train Accuracy: 100.00% Test Accuracy: 99.95% Time: 14.49s
Epoch 338/500 Train Accuracy: 100.00% Test Accuracy: 99.97% Time: 14.54s
Epoch 339/500 Train Accuracy: 100.00% Test Accuracy: 99.96% Time: 14.55s
Epoch 340/500 Train Accuracy: 100.00% Test Accuracy: 99.96% Time: 14.41s
Epoch 341/500 Train Accuracy: 100.00% Test Accuracy: 99.90% Time: 14.40s
Epoch 342/500 Train Accuracy: 100.00% Test Accuracy: 99.93% Time: 14.45s
Epoch 343/500 Train Accuracy: 100.00% Test Accuracy: 99.91% Time: 14.51s
Epoch 344/500 Train Accuracy: 100.00% Test Accuracy: 99.94% Time: 14.57s
Epoch 345/500 Train Accuracy: 100.00% Test Accuracy: 99.88% Time: 14.50s
Epoch 346/500 Train Accuracy: 100.00% Test Accuracy: 99.93% Time: 14.42s
Epoch 347/500 Train Accuracy: 100.00% Test Accuracy: 99.93% Time: 14.44s
Epoch 348/500 Train Accuracy: 100.00% Test Accuracy: 99.88% Time: 14.60s
Epoch 349/500 Train Accuracy: 99.99% Test Accuracy: 99.84% Time: 14.54s
Epoch 350/500 Train Accuracy: 100.00% Test Accuracy: 99.91% Time: 14.52s
Epoch 351/500 Train Accuracy: 100.00% Test Accuracy: 99.87% Time: 14.53s
Epoch 352/500 Train Accuracy: 100.00% Test Accuracy: 99.87% Time: 14.46s
Epoch 353/500 Train Accuracy: 100.00% Test Accuracy: 99.96% Time: 14.51s
Epoch 354/500 Train Accuracy: 100.00% Test Accuracy: 99.92% Time: 14.57s
Epoch 355/500 Train Accuracy: 100.00% Test Accuracy: 99.91% Time: 14.55s
Epoch 356/500 Train Accuracy: 99.99% Test Accuracy: 99.84% Time: 14.47s
Epoch 357/500 Train Accuracy: 100.00% Test Accuracy: 99.93% Time: 14.45s
Epoch 358/500 Train Accuracy: 100.00% Test Accuracy: 99.92% Time: 14.67s
Epoch 359/500 Train Accuracy: 100.00% Test Accuracy: 99.92% Time: 14.43s
Epoch 360/500 Train Accuracy: 100.00% Test Accuracy: 99.84% Time: 14.48s
Epoch 361/500 Train Accuracy: 100.00% Test Accuracy: 99.93% Time: 14.45s
Epoch 362/500 Train Accuracy: 100.00% Test Accuracy: 99.94% Time: 14.52s
Epoch 363/500 Train Accuracy: 100.00% Test Accuracy: 99.92% Time: 14.56s
Epoch 364/500 Train Accuracy: 100.00% Test Accuracy: 99.96% Time: 14.48s
Epoch 365/500 Train Accuracy: 100.00% Test Accuracy: 99.93% Time: 14.44s
Epoch 366/500 Train Accuracy: 100.00% Test Accuracy: 99.95% Time: 14.69s
Epoch 367/500 Train Accuracy: 100.00% Test Accuracy: 99.93% Time: 14.47s
Epoch 368/500 Train Accuracy: 100.00% Test Accuracy: 99.94% Time: 14.48s
Epoch 369/500 Train Accuracy: 100.00% Test Accuracy: 99.89% Time: 14.50s
Epoch 370/500 Train Accuracy: 100.00% Test Accuracy: 99.93% Time: 14.54s
Epoch 371/500 Train Accuracy: 100.00% Test Accuracy: 99.88% Time: 14.55s
Epoch 372/500 Train Accuracy: 100.00% Test Accuracy: 99.92% Time: 14.48s
Epoch 373/500 Train Accuracy: 100.00% Test Accuracy: 99.94% Time: 14.39s
Epoch 374/500 Train Accuracy: 100.00% Test Accuracy: 99.95% Time: 14.37s
Epoch 375/500 Train Accuracy: 100.00% Test Accuracy: 99.91% Time: 14.42s
Epoch 376/500 Train Accuracy: 100.00% Test Accuracy: 99.94% Time: 14.64s
Epoch 377/500 Train Accuracy: 100.00% Test Accuracy: 99.91% Time: 14.44s
Epoch 378/500 Train Accuracy: 100.00% Test Accuracy: 99.88% Time: 14.37s
Epoch 379/500 Train Accuracy: 100.00% Test Accuracy: 99.90% Time: 14.43s
Epoch 380/500 Train Accuracy: 100.00% Test Accuracy: 99.93% Time: 14.44s
Epoch 381/500 Train Accuracy: 100.00% Test Accuracy: 99.93% Time: 14.44s
Epoch 382/500 Train Accuracy: 100.00% Test Accuracy: 99.95% Time: 14.43s
Epoch 383/500 Train Accuracy: 100.00% Test Accuracy: 99.93% Time: 14.39s
Epoch 384/500 Train Accuracy: 100.00% Test Accuracy: 99.95% Time: 14.41s
Epoch 385/500 Train Accuracy: 100.00% Test Accuracy: 99.92% Time: 14.46s
Epoch 386/500 Train Accuracy: 100.00% Test Accuracy: 99.94% Time: 14.49s
Epoch 387/500 Train Accuracy: 100.00% Test Accuracy: 99.92% Time: 14.46s
Epoch 388/500 Train Accuracy: 100.00% Test Accuracy: 99.95% Time: 14.44s
Epoch 389/500 Train Accuracy: 100.00% Test Accuracy: 99.94% Time: 14.44s
Epoch 390/500 Train Accuracy: 100.00% Test Accuracy: 99.98% Time: 14.45s
Epoch 391/500 Train Accuracy: 100.00% Test Accuracy: 99.96% Time: 14.23s
Epoch 392/500 Train Accuracy: 100.00% Test Accuracy: 99.97% Time: 14.38s
Epoch 393/500 Train Accuracy: 100.00% Test Accuracy: 99.95% Time: 14.45s
Epoch 394/500 Train Accuracy: 100.00% Test Accuracy: 99.97% Time: 14.45s
Epoch 395/500 Train Accuracy: 100.00% Test Accuracy: 99.98% Time: 14.43s
Epoch 396/500 Train Accuracy: 100.00% Test Accuracy: 99.98% Time: 14.44s
Epoch 397/500 Train Accuracy: 100.00% Test Accuracy: 99.97% Time: 14.46s
Epoch 398/500 Train Accuracy: 100.00% Test Accuracy: 99.97% Time: 14.45s
Epoch 399/500 Train Accuracy: 100.00% Test Accuracy: 99.96% Time: 14.37s
Epoch 400/500 Train Accuracy: 100.00% Test Accuracy: 99.98% Time: 14.44s
Epoch 401/500 Train Accuracy: 100.00% Test Accuracy: 99.96% Time: 14.22s
Epoch 402/500 Train Accuracy: 100.00% Test Accuracy: 99.97% Time: 14.18s
Epoch 403/500 Train Accuracy: 100.00% Test Accuracy: 99.98% Time: 14.31s
Epoch 404/500 Train Accuracy: 100.00% Test Accuracy: 99.97% Time: 14.27s
Epoch 405/500 Train Accuracy: 100.00% Test Accuracy: 99.97% Time: 14.23s
Epoch 406/500 Train Accuracy: 100.00% Test Accuracy: 99.96% Time: 14.25s
Epoch 407/500 Train Accuracy: 100.00% Test Accuracy: 99.98% Time: 14.22s
Epoch 408/500 Train Accuracy: 100.00% Test Accuracy: 99.97% Time: 14.31s
Epoch 409/500 Train Accuracy: 100.00% Test Accuracy: 99.99% Time: 14.27s
Epoch 410/500 Train Accuracy: 100.00% Test Accuracy: 99.99% Time: 14.30s
Epoch 411/500 Train Accuracy: 100.00% Test Accuracy: 99.97% Time: 14.31s
Epoch 412/500 Train Accuracy: 100.00% Test Accuracy: 99.99% Time: 14.29s
Epoch 413/500 Train Accuracy: 100.00% Test Accuracy: 99.98% Time: 14.28s
Epoch 414/500 Train Accuracy: 100.00% Test Accuracy: 99.98% Time: 14.38s
Epoch 415/500 Train Accuracy: 100.00% Test Accuracy: 99.98% Time: 14.34s
Epoch 416/500 Train Accuracy: 100.00% Test Accuracy: 99.99% Time: 14.28s
Epoch 417/500 Train Accuracy: 100.00% Test Accuracy: 99.99% Time: 14.25s
Epoch 418/500 Train Accuracy: 100.00% Test Accuracy: 99.99% Time: 14.18s
Epoch 419/500 Train Accuracy: 100.00% Test Accuracy: 99.99% Time: 14.20s
Epoch 420/500 Train Accuracy: 100.00% Test Accuracy: 99.99% Time: 14.20s
Epoch 421/500 Train Accuracy: 100.00% Test Accuracy: 99.99% Time: 14.24s
Epoch 422/500 Train Accuracy: 100.00% Test Accuracy: 99.99% Time: 14.38s
Epoch 423/500 Train Accuracy: 100.00% Test Accuracy: 99.97% Time: 14.39s
Epoch 424/500 Train Accuracy: 100.00% Test Accuracy: 99.97% Time: 14.35s
Epoch 425/500 Train Accuracy: 100.00% Test Accuracy: 99.97% Time: 14.26s
Epoch 426/500 Train Accuracy: 100.00% Test Accuracy: 99.99% Time: 14.42s
Epoch 427/500 Train Accuracy: 100.00% Test Accuracy: 99.99% Time: 14.43s
Epoch 428/500 Train Accuracy: 100.00% Test Accuracy: 99.99% Time: 14.26s
Epoch 429/500 Train Accuracy: 100.00% Test Accuracy: 99.99% Time: 14.25s
Epoch 430/500 Train Accuracy: 100.00% Test Accuracy: 99.99% Time: 14.34s
Epoch 431/500 Train Accuracy: 100.00% Test Accuracy: 99.98% Time: 14.28s
Epoch 432/500 Train Accuracy: 100.00% Test Accuracy: 99.97% Time: 14.31s
Epoch 433/500 Train Accuracy: 100.00% Test Accuracy: 99.97% Time: 14.33s
Epoch 434/500 Train Accuracy: 100.00% Test Accuracy: 99.99% Time: 14.26s
Epoch 435/500 Train Accuracy: 100.00% Test Accuracy: 99.98% Time: 14.28s
Epoch 436/500 Train Accuracy: 100.00% Test Accuracy: 99.95% Time: 14.29s
Epoch 437/500 Train Accuracy: 100.00% Test Accuracy: 99.97% Time: 14.31s
Epoch 438/500 Train Accuracy: 100.00% Test Accuracy: 99.84% Time: 14.33s
Epoch 439/500 Train Accuracy: 100.00% Test Accuracy: 99.98% Time: 14.36s
Epoch 440/500 Train Accuracy: 100.00% Test Accuracy: 99.98% Time: 14.26s
Epoch 441/500 Train Accuracy: 100.00% Test Accuracy: 99.96% Time: 14.25s
Epoch 442/500 Train Accuracy: 100.00% Test Accuracy: 99.98% Time: 14.18s
Epoch 443/500 Train Accuracy: 100.00% Test Accuracy: 99.97% Time: 14.17s
Epoch 444/500 Train Accuracy: 100.00% Test Accuracy: 99.99% Time: 14.19s
Epoch 445/500 Train Accuracy: 100.00% Test Accuracy: 99.99% Time: 14.16s
Epoch 446/500 Train Accuracy: 100.00% Test Accuracy: 99.99% Time: 14.15s
Epoch 447/500 Train Accuracy: 100.00% Test Accuracy: 100.00% Time: 14.15s
Epoch 448/500 Train Accuracy: 100.00% Test Accuracy: 99.99% Time: 14.17s
Epoch 449/500 Train Accuracy: 100.00% Test Accuracy: 99.99% Time: 14.16s
Epoch 450/500 Train Accuracy: 100.00% Test Accuracy: 99.99% Time: 14.16s
Epoch 451/500 Train Accuracy: 100.00% Test Accuracy: 100.00% Time: 14.18s
Epoch 452/500 Train Accuracy: 100.00% Test Accuracy: 100.00% Time: 14.14s
Epoch 453/500 Train Accuracy: 100.00% Test Accuracy: 100.00% Time: 14.19s
Epoch 454/500 Train Accuracy: 100.00% Test Accuracy: 100.00% Time: 14.14s
Epoch 455/500 Train Accuracy: 100.00% Test Accuracy: 100.00% Time: 14.14s
Epoch 456/500 Train Accuracy: 100.00% Test Accuracy: 100.00% Time: 14.16s
Epoch 457/500 Train Accuracy: 100.00% Test Accuracy: 100.00% Time: 14.15s
Epoch 458/500 Train Accuracy: 100.00% Test Accuracy: 100.00% Time: 14.16s
Epoch 459/500 Train Accuracy: 100.00% Test Accuracy: 99.99% Time: 14.15s
Epoch 460/500 Train Accuracy: 100.00% Test Accuracy: 99.99% Time: 14.24s
Epoch 461/500 Train Accuracy: 100.00% Test Accuracy: 100.00% Time: 15.18s
Epoch 462/500 Train Accuracy: 100.00% Test Accuracy: 100.00% Time: 15.24s
Epoch 463/500 Train Accuracy: 100.00% Test Accuracy: 99.99% Time: 15.15s
Epoch 464/500 Train Accuracy: 100.00% Test Accuracy: 100.00% Time: 15.05s
Epoch 465/500 Train Accuracy: 100.00% Test Accuracy: 99.99% Time: 15.04s
Epoch 466/500 Train Accuracy: 100.00% Test Accuracy: 99.99% Time: 15.00s
Epoch 467/500 Train Accuracy: 100.00% Test Accuracy: 99.98% Time: 15.04s
Epoch 468/500 Train Accuracy: 100.00% Test Accuracy: 99.99% Time: 15.00s
Epoch 469/500 Train Accuracy: 100.00% Test Accuracy: 99.98% Time: 15.01s
Epoch 470/500 Train Accuracy: 100.00% Test Accuracy: 99.99% Time: 15.03s
Epoch 471/500 Train Accuracy: 100.00% Test Accuracy: 100.00% Time: 14.94s
Epoch 472/500 Train Accuracy: 100.00% Test Accuracy: 100.00% Time: 14.42s
Epoch 473/500 Train Accuracy: 100.00% Test Accuracy: 99.98% Time: 14.25s
Epoch 474/500 Train Accuracy: 100.00% Test Accuracy: 100.00% Time: 14.25s
Epoch 475/500 Train Accuracy: 100.00% Test Accuracy: 100.00% Time: 14.24s
Epoch 476/500 Train Accuracy: 100.00% Test Accuracy: 99.99% Time: 14.25s
Epoch 477/500 Train Accuracy: 100.00% Test Accuracy: 99.99% Time: 14.24s
Epoch 478/500 Train Accuracy: 100.00% Test Accuracy: 100.00% Time: 14.31s
Epoch 479/500 Train Accuracy: 100.00% Test Accuracy: 100.00% Time: 14.35s
Epoch 480/500 Train Accuracy: 100.00% Test Accuracy: 99.99% Time: 14.30s
Epoch 481/500 Train Accuracy: 100.00% Test Accuracy: 99.99% Time: 14.29s
Epoch 482/500 Train Accuracy: 100.00% Test Accuracy: 100.00% Time: 14.22s
Epoch 483/500 Train Accuracy: 100.00% Test Accuracy: 100.00% Time: 14.19s
Epoch 484/500 Train Accuracy: 100.00% Test Accuracy: 99.99% Time: 14.18s
Epoch 485/500 Train Accuracy: 100.00% Test Accuracy: 99.99% Time: 14.21s
Epoch 486/500 Train Accuracy: 100.00% Test Accuracy: 99.99% Time: 14.22s
Epoch 487/500 Train Accuracy: 100.00% Test Accuracy: 99.99% Time: 14.21s
Epoch 488/500 Train Accuracy: 100.00% Test Accuracy: 100.00% Time: 14.19s
Epoch 489/500 Train Accuracy: 100.00% Test Accuracy: 100.00% Time: 14.22s
Epoch 490/500 Train Accuracy: 100.00% Test Accuracy: 100.00% Time: 14.20s
Epoch 491/500 Train Accuracy: 100.00% Test Accuracy: 100.00% Time: 14.20s
Epoch 492/500 Train Accuracy: 100.00% Test Accuracy: 99.99% Time: 14.19s
Epoch 493/500 Train Accuracy: 100.00% Test Accuracy: 100.00% Time: 14.19s
Epoch 494/500 Train Accuracy: 100.00% Test Accuracy: 100.00% Time: 14.18s
Epoch 495/500 Train Accuracy: 100.00% Test Accuracy: 100.00% Time: 14.19s
Epoch 496/500 Train Accuracy: 100.00% Test Accuracy: 100.00% Time: 14.22s
Epoch 497/500 Train Accuracy: 100.00% Test Accuracy: 100.00% Time: 14.19s
Epoch 498/500 Train Accuracy: 100.00% Test Accuracy: 100.00% Time: 14.19s
Epoch 499/500 Train Accuracy: 100.00% Test Accuracy: 100.00% Time: 14.17s
Epoch 500/500 Train Accuracy: 100.00% Test Accuracy: 100.00% Time: 14.20s

Symbols: ['empty', 'red', 'blue', '0_0', '0_1', '0_2', '0_3', '0_4', '0_5', '0_6', '0_7', '1_0', '1_1', '1_2', '1_3', '1_4', '1_5', '1_6', '1_7', '2_0', '2_1', '2_2', '2_3', '2_4', '2_5', '2_6', '2_7', '3_0', '3_1', '3_2', '3_3', '3_4', '3_5', '3_6', '3_7', '4_0', '4_1', '4_2', '4_3', '4_4', '4_5', '4_6', '4_7', '5_0', '5_1', '5_2', '5_3', '5_4', '5_5', '5_6', '5_7', '6_0', '6_1', '6_2', '6_3', '6_4', '6_5', '6_6', '6_7', '7_0', '7_1', '7_2', '7_3', '7_4', '7_5', '7_6', '7_7', 'top', 'bottom', 'left', 'right', 'top_left', 'top_right', 'bottom_left', 'bottom_right']
Number of symbols: 75
Hypervector size: 256

Clause #0 Weights:(-64 61) x45 AND x73 AND x82 AND x100 AND x102 AND x153 AND x230 AND x249 AND NOT x0 AND NOT x4 AND NOT x14 AND NOT x15 AND NOT x22 AND NOT x26 AND NOT x27 AND NOT x28 AND NOT x30 AND NOT x31 AND NOT x33 AND NOT x34 AND NOT x35 AND NOT x40 AND NOT x42 AND NOT x44 AND NOT x48 AND NOT x53 AND NOT x54 AND NOT x56 AND NOT x57 AND NOT x64 AND NOT x65 AND NOT x72 AND NOT x76 AND NOT x86 AND NOT x87 AND NOT x89 AND NOT x90 AND NOT x93 AND NOT x99 AND NOT x105 AND NOT x108 AND NOT x109 AND NOT x111 AND NOT x115 AND NOT x116 AND NOT x117 AND NOT x121 AND NOT x122 AND NOT x127 AND NOT x129 AND NOT x132 AND NOT x133 AND NOT x135 AND NOT x136 AND NOT x137 AND NOT x138 AND NOT x140 AND NOT x144 AND NOT x147 AND NOT x149 AND NOT x157 AND NOT x159 AND NOT x161 AND NOT x163 AND NOT x166 AND NOT x167 AND NOT x168 AND NOT x174 AND NOT x175 AND NOT x178 AND NOT x179 AND NOT x182 AND NOT x183 AND NOT x185 AND NOT x189 AND NOT x194 AND NOT x198 AND NOT x203 AND NOT x205 AND NOT x210 AND NOT x211 AND NOT x219 AND NOT x222 AND NOT x225 AND NOT x227 AND NOT x229 AND NOT x232 AND NOT x233 AND NOT x235 AND NOT x236 AND NOT x238 AND NOT x239 AND NOT x252 AND NOT x253 AND NOT x254 AND NOT x255
Clause #1 Weights:(-613 -818) x45 AND x73 AND x82 AND x99 AND x105 AND x140 AND x230 AND x255 AND NOT x9 AND NOT x10 AND NOT x12 AND NOT x26 AND NOT x27 AND NOT x28 AND NOT x31 AND NOT x34 AND NOT x53 AND NOT x58 AND NOT x60 AND NOT x68 AND NOT x71 AND NOT x72 AND NOT x80 AND NOT x85 AND NOT x87 AND NOT x100 AND NOT x108 AND NOT x111 AND NOT x133 AND NOT x134 AND NOT x137 AND NOT x143 AND NOT x145 AND NOT x154 AND NOT x157 AND NOT x160 AND NOT x166 AND NOT x171 AND NOT x174 AND NOT x179 AND NOT x181 AND NOT x183 AND NOT x203 AND NOT x210 AND NOT x216 AND NOT x219 AND NOT x222 AND NOT x227 AND NOT x228 AND NOT x237 AND NOT x239 AND NOT x241 AND NOT x247 AND NOT x253
Clause #2 Weights:(-4484 3973) x20 AND x36 AND x75 AND x113 AND x139 AND NOT x0 AND NOT x2 AND NOT x3 AND NOT x9 AND NOT x10 AND NOT x14 AND NOT x17 AND NOT x21 AND NOT x24 AND NOT x26 AND NOT x27 AND NOT x28 AND NOT x29 AND NOT x30 AND NOT x34 AND NOT x35 AND NOT x44 AND NOT x45 AND NOT x48 AND NOT x53 AND NOT x54 AND NOT x55 AND NOT x56 AND NOT x57 AND NOT x58 AND NOT x59 AND NOT x63 AND NOT x64 AND NOT x67 AND NOT x71 AND NOT x73 AND NOT x76 AND NOT x80 AND NOT x82 AND NOT x83 AND NOT x84 AND NOT x86 AND NOT x87 AND NOT x93 AND NOT x94 AND NOT x99 AND NOT x100 AND NOT x102 AND NOT x105 AND NOT x108 AND NOT x111 AND NOT x115 AND NOT x116 AND NOT x117 AND NOT x118 AND NOT x122 AND NOT x124 AND NOT x127 AND NOT x132 AND NOT x133 AND NOT x136 AND NOT x142 AND NOT x143 AND NOT x144 AND NOT x145 AND NOT x146 AND NOT x149 AND NOT x153 AND NOT x154 AND NOT x157 AND NOT x160 AND NOT x161 AND NOT x163 AND NOT x165 AND NOT x180 AND NOT x182 AND NOT x183 AND NOT x184 AND NOT x185 AND NOT x189 AND NOT x195 AND NOT x198 AND NOT x205 AND NOT x206 AND NOT x210 AND NOT x211 AND NOT x217 AND NOT x222 AND NOT x227 AND NOT x230 AND NOT x232 AND NOT x233 AND NOT x236 AND NOT x237 AND NOT x239 AND NOT x249 AND NOT x250 AND NOT x252 AND NOT x254
Clause #3 Weights:(-252 235) x36 AND x75 AND x113 AND x139 AND x174 AND x179 AND x219 AND x253 AND NOT x2 AND NOT x4 AND NOT x10 AND NOT x12 AND NOT x21 AND NOT x27 AND NOT x31 AND NOT x44 AND NOT x45 AND NOT x50 AND NOT x60 AND NOT x68 AND NOT x72 AND NOT x73 AND NOT x79 AND NOT x82 AND NOT x83 AND NOT x84 AND NOT x85 AND NOT x89 AND NOT x90 AND NOT x94 AND NOT x97 AND NOT x99 AND NOT x109 AND NOT x117 AND NOT x118 AND NOT x121 AND NOT x123 AND NOT x124 AND NOT x126 AND NOT x127 AND NOT x129 AND NOT x132 AND NOT x134 AND NOT x137 AND NOT x142 AND NOT x144 AND NOT x161 AND NOT x165 AND NOT x166 AND NOT x172 AND NOT x173 AND NOT x175 AND NOT x178 AND NOT x180 AND NOT x182 AND NOT x196 AND NOT x198 AND NOT x201 AND NOT x217 AND NOT x218 AND NOT x230 AND NOT x233 AND NOT x236 AND NOT x241 AND NOT x247 AND NOT x250
Clause #4 Weights:(354 948) x2 AND x31 AND x72 AND x137 AND x142 AND x180 AND NOT x0 AND NOT x3 AND NOT x9 AND NOT x10 AND NOT x12 AND NOT x14 AND NOT x17 AND NOT x20 AND NOT x22 AND NOT x26 AND NOT x29 AND NOT x30 AND NOT x35 AND NOT x36 AND NOT x43 AND NOT x44 AND NOT x48 AND NOT x50 AND NOT x53 AND NOT x54 AND NOT x55 AND NOT x56 AND NOT x60 AND NOT x64 AND NOT x68 AND NOT x71 AND NOT x73 AND NOT x75 AND NOT x76 AND NOT x85 AND NOT x86 AND NOT x87 AND NOT x89 AND NOT x90 AND NOT x93 AND NOT x94 AND NOT x98 AND NOT x105 AND NOT x108 AND NOT x111 AND NOT x113 AND NOT x116 AND NOT x130 AND NOT x133 AND NOT x135 AND NOT x136 AND NOT x139 AND NOT x149 AND NOT x154 AND NOT x157 AND NOT x160 AND NOT x163 AND NOT x164 AND NOT x166 AND NOT x167 AND NOT x168 AND NOT x171 AND NOT x174 AND NOT x175 AND NOT x179 AND NOT x181 AND NOT x182 AND NOT x183 AND NOT x185 AND NOT x188 AND NOT x189 AND NOT x198 AND NOT x205 AND NOT x206 AND NOT x210 AND NOT x217 AND NOT x219 AND NOT x222 AND NOT x227 AND NOT x228 AND NOT x232 AND NOT x237 AND NOT x239 AND NOT x252 AND NOT x253 AND NOT x254
Clause #5 Weights:(952 -805) x60 AND x68 AND x166 AND x247 AND NOT x1 AND NOT x3 AND NOT x4 AND NOT x5 AND NOT x6 AND NOT x7 AND NOT x8 AND NOT x9 AND NOT x11 AND NOT x12 AND NOT x13 AND NOT x15 AND NOT x16 AND NOT x17 AND NOT x18 AND NOT x19 AND NOT x20 AND NOT x22 AND NOT x23 AND NOT x24 AND NOT x25 AND NOT x26 AND NOT x27 AND NOT x28 AND NOT x29 AND NOT x30 AND NOT x32 AND NOT x33 AND NOT x34 AND NOT x37 AND NOT x38 AND NOT x39 AND NOT x40 AND NOT x41 AND NOT x42 AND NOT x43 AND NOT x44 AND NOT x45 AND NOT x46 AND NOT x47 AND NOT x48 AND NOT x49 AND NOT x50 AND NOT x51 AND NOT x52 AND NOT x53 AND NOT x55 AND NOT x59 AND NOT x61 AND NOT x62 AND NOT x63 AND NOT x64 AND NOT x65 AND NOT x66 AND NOT x67 AND NOT x69 AND NOT x70 AND NOT x71 AND NOT x73 AND NOT x74 AND NOT x77 AND NOT x78 AND NOT x79 AND NOT x80 AND NOT x81 AND NOT x82 AND NOT x83 AND NOT x85 AND NOT x87 AND NOT x88 AND NOT x89 AND NOT x91 AND NOT x93 AND NOT x94 AND NOT x95 AND NOT x96 AND NOT x97 AND NOT x98 AND NOT x99 AND NOT x100 AND NOT x101 AND NOT x102 AND NOT x103 AND NOT x104 AND NOT x106 AND NOT x107 AND NOT x108 AND NOT x109 AND NOT x110 AND NOT x111 AND NOT x112 AND NOT x114 AND NOT x115 AND NOT x117 AND NOT x118 AND NOT x119 AND NOT x120 AND NOT x121 AND NOT x122 AND NOT x123 AND NOT x124 AND NOT x125 AND NOT x126 AND NOT x127 AND NOT x128 AND NOT x129 AND NOT x130 AND NOT x131 AND NOT x132 AND NOT x133 AND NOT x134 AND NOT x135 AND NOT x136 AND NOT x137 AND NOT x138 AND NOT x140 AND NOT x141 AND NOT x143 AND NOT x144 AND NOT x146 AND NOT x148 AND NOT x150 AND NOT x151 AND NOT x152 AND NOT x153 AND NOT x154 AND NOT x155 AND NOT x156 AND NOT x157 AND NOT x159 AND NOT x160 AND NOT x161 AND NOT x163 AND NOT x165 AND NOT x169 AND NOT x170 AND NOT x171 AND NOT x172 AND NOT x173 AND NOT x174 AND NOT x175 AND NOT x176 AND NOT x177 AND NOT x178 AND NOT x179 AND NOT x181 AND NOT x182 AND NOT x184 AND NOT x185 AND NOT x186 AND NOT x187 AND NOT x188 AND NOT x189 AND NOT x190 AND NOT x191 AND NOT x192 AND NOT x193 AND NOT x194 AND NOT x195 AND NOT x196 AND NOT x197 AND NOT x198 AND NOT x199 AND NOT x200 AND NOT x201 AND NOT x202 AND NOT x203 AND NOT x204 AND NOT x206 AND NOT x208 AND NOT x209 AND NOT x210 AND NOT x211 AND NOT x212 AND NOT x213 AND NOT x214 AND NOT x215 AND NOT x216 AND NOT x217 AND NOT x218 AND NOT x219 AND NOT x220 AND NOT x221 AND NOT x222 AND NOT x223 AND NOT x224 AND NOT x225 AND NOT x226 AND NOT x228 AND NOT x229 AND NOT x230 AND NOT x231 AND NOT x232 AND NOT x233 AND NOT x234 AND NOT x235 AND NOT x236 AND NOT x237 AND NOT x238 AND NOT x239 AND NOT x240 AND NOT x241 AND NOT x242 AND NOT x243 AND NOT x244 AND NOT x245 AND NOT x246 AND NOT x248 AND NOT x249 AND NOT x250 AND NOT x251 AND NOT x253 AND NOT x255
Clause #6 Weights:(375 186) x75 AND x86 AND x92 AND x147 AND NOT x0 AND NOT x1 AND NOT x3 AND NOT x4 AND NOT x6 AND NOT x7 AND NOT x8 AND NOT x9 AND NOT x10 AND NOT x11 AND NOT x12 AND NOT x13 AND NOT x14 AND NOT x15 AND NOT x16 AND NOT x17 AND NOT x18 AND NOT x19 AND NOT x20 AND NOT x21 AND NOT x22 AND NOT x23 AND NOT x24 AND NOT x25 AND NOT x26 AND NOT x27 AND NOT x28 AND NOT x29 AND NOT x30 AND NOT x31 AND NOT x32 AND NOT x34 AND NOT x35 AND NOT x37 AND NOT x38 AND NOT x39 AND NOT x40 AND NOT x41 AND NOT x42 AND NOT x44 AND NOT x45 AND NOT x46 AND NOT x47 AND NOT x48 AND NOT x49 AND NOT x50 AND NOT x51 AND NOT x52 AND NOT x53 AND NOT x54 AND NOT x55 AND NOT x56 AND NOT x57 AND NOT x58 AND NOT x59 AND NOT x60 AND NOT x61 AND NOT x62 AND NOT x63 AND NOT x64 AND NOT x65 AND NOT x66 AND NOT x67 AND NOT x68 AND NOT x70 AND NOT x71 AND NOT x72 AND NOT x73 AND NOT x74 AND NOT x76 AND NOT x77 AND NOT x78 AND NOT x79 AND NOT x80 AND NOT x81 AND NOT x82 AND NOT x83 AND NOT x85 AND NOT x87 AND NOT x88 AND NOT x89 AND NOT x90 AND NOT x91 AND NOT x93 AND NOT x94 AND NOT x95 AND NOT x96 AND NOT x97 AND NOT x99 AND NOT x101 AND NOT x102 AND NOT x103 AND NOT x104 AND NOT x105 AND NOT x106 AND NOT x107 AND NOT x108 AND NOT x109 AND NOT x110 AND NOT x111 AND NOT x114 AND NOT x115 AND NOT x116 AND NOT x117 AND NOT x118 AND NOT x119 AND NOT x120 AND NOT x121 AND NOT x122 AND NOT x123 AND NOT x124 AND NOT x125 AND NOT x126 AND NOT x127 AND NOT x128 AND NOT x129 AND NOT x131 AND NOT x132 AND NOT x133 AND NOT x135 AND NOT x136 AND NOT x137 AND NOT x138 AND NOT x140 AND NOT x141 AND NOT x143 AND NOT x144 AND NOT x145 AND NOT x148 AND NOT x149 AND NOT x150 AND NOT x151 AND NOT x152 AND NOT x153 AND NOT x154 AND NOT x155 AND NOT x156 AND NOT x157 AND NOT x159 AND NOT x160 AND NOT x161 AND NOT x163 AND NOT x164 AND NOT x165 AND NOT x166 AND NOT x167 AND NOT x168 AND NOT x169 AND NOT x170 AND NOT x171 AND NOT x172 AND NOT x173 AND NOT x174 AND NOT x175 AND NOT x176 AND NOT x177 AND NOT x178 AND NOT x179 AND NOT x181 AND NOT x182 AND NOT x183 AND NOT x185 AND NOT x186 AND NOT x187 AND NOT x188 AND NOT x189 AND NOT x190 AND NOT x191 AND NOT x192 AND NOT x193 AND NOT x194 AND NOT x195 AND NOT x196 AND NOT x197 AND NOT x198 AND NOT x199 AND NOT x200 AND NOT x201 AND NOT x202 AND NOT x203 AND NOT x204 AND NOT x205 AND NOT x206 AND NOT x208 AND NOT x209 AND NOT x210 AND NOT x211 AND NOT x212 AND NOT x213 AND NOT x214 AND NOT x215 AND NOT x216 AND NOT x217 AND NOT x218 AND NOT x219 AND NOT x220 AND NOT x221 AND NOT x222 AND NOT x223 AND NOT x224 AND NOT x225 AND NOT x226 AND NOT x227 AND NOT x228 AND NOT x229 AND NOT x230 AND NOT x231 AND NOT x232 AND NOT x233 AND NOT x234 AND NOT x236 AND NOT x238 AND NOT x239 AND NOT x240 AND NOT x242 AND NOT x243 AND NOT x244 AND NOT x245 AND NOT x246 AND NOT x247 AND NOT x248 AND NOT x250 AND NOT x251 AND NOT x252 AND NOT x253 AND NOT x254 AND NOT x255
Clause #7 Weights:(-1561 216) x60 AND x68 AND x166 AND x247 AND NOT x1 AND NOT x3 AND NOT x4 AND NOT x7 AND NOT x10 AND NOT x14 AND NOT x16 AND NOT x17 AND NOT x20 AND NOT x21 AND NOT x26 AND NOT x27 AND NOT x31 AND NOT x33 AND NOT x44 AND NOT x45 AND NOT x48 AND NOT x49 AND NOT x57 AND NOT x58 AND NOT x59 AND NOT x63 AND NOT x71 AND NOT x72 AND NOT x73 AND NOT x82 AND NOT x89 AND NOT x90 AND NOT x97 AND NOT x100 AND NOT x105 AND NOT x111 AND NOT x132 AND NOT x133 AND NOT x137 AND NOT x145 AND NOT x157 AND NOT x160 AND NOT x163 AND NOT x168 AND NOT x171 AND NOT x172 AND NOT x174 AND NOT x178 AND NOT x179 AND NOT x183 AND NOT x189 AND NOT x203 AND NOT x206 AND NOT x210 AND NOT x212 AND NOT x219 AND NOT x227 AND NOT x228 AND NOT x230 AND NOT x235 AND NOT x246 AND NOT x253 AND NOT x254
Clause #8 Weights:(1988 -297) x33 AND x100 AND x147 AND x174 AND x179 AND x219 AND x235 AND x253 AND NOT x1 AND NOT x3 AND NOT x4 AND NOT x5 AND NOT x7 AND NOT x9 AND NOT x10 AND NOT x14 AND NOT x17 AND NOT x21 AND NOT x24 AND NOT x26 AND NOT x27 AND NOT x28 AND NOT x29 AND NOT x30 AND NOT x31 AND NOT x42 AND NOT x43 AND NOT x45 AND NOT x54 AND NOT x55 AND NOT x57 AND NOT x58 AND NOT x59 AND NOT x60 AND NOT x63 AND NOT x64 AND NOT x67 AND NOT x69 AND NOT x71 AND NOT x72 AND NOT x73 AND NOT x77 AND NOT x79 AND NOT x82 AND NOT x83 AND NOT x85 AND NOT x86 AND NOT x87 AND NOT x89 AND NOT x90 AND NOT x92 AND NOT x97 AND NOT x98 AND NOT x99 AND NOT x108 AND NOT x111 AND NOT x112 AND NOT x117 AND NOT x121 AND NOT x123 AND NOT x124 AND NOT x126 AND NOT x127 AND NOT x129 AND NOT x130 AND NOT x132 AND NOT x133 AND NOT x136 AND NOT x137 AND NOT x140 AND NOT x144 AND NOT x145 AND NOT x146 AND NOT x149 AND NOT x154 AND NOT x157 AND NOT x158 AND NOT x161 AND NOT x163 AND NOT x165 AND NOT x167 AND NOT x168 AND NOT x172 AND NOT x173 AND NOT x175 AND NOT x183 AND NOT x185 AND NOT x189 AND NOT x195 AND NOT x196 AND NOT x201 AND NOT x206 AND NOT x209 AND NOT x210 AND NOT x212 AND NOT x218 AND NOT x222 AND NOT x225 AND NOT x227 AND NOT x228 AND NOT x230 AND NOT x232 AND NOT x233 AND NOT x239 AND NOT x246 AND NOT x247 AND NOT x248 AND NOT x249 AND NOT x254
Clause #9 Weights:(224 137) x2 AND x84 AND x86 AND x116 AND x142 AND x180 AND NOT x3 AND NOT x4 AND NOT x5 AND NOT x6 AND NOT x8 AND NOT x9 AND NOT x11 AND NOT x12 AND NOT x13 AND NOT x14 AND NOT x15 AND NOT x16 AND NOT x17 AND NOT x18 AND NOT x19 AND NOT x20 AND NOT x22 AND NOT x23 AND NOT x24 AND NOT x25 AND NOT x27 AND NOT x28 AND NOT x29 AND NOT x30 AND NOT x32 AND NOT x33 AND NOT x34 AND NOT x36 AND NOT x37 AND NOT x38 AND NOT x39 AND NOT x40 AND NOT x41 AND NOT x42 AND NOT x43 AND NOT x45 AND NOT x46 AND NOT x47 AND NOT x50 AND NOT x51 AND NOT x52 AND NOT x53 AND NOT x55 AND NOT x56 AND NOT x57 AND NOT x58 AND NOT x59 AND NOT x60 AND NOT x61 AND NOT x62 AND NOT x64 AND NOT x65 AND NOT x66 AND NOT x67 AND NOT x68 AND NOT x70 AND NOT x71 AND NOT x73 AND NOT x74 AND NOT x75 AND NOT x77 AND NOT x78 AND NOT x79 AND NOT x80 AND NOT x81 AND NOT x82 AND NOT x83 AND NOT x85 AND NOT x87 AND NOT x88 AND NOT x89 AND NOT x91 AND NOT x92 AND NOT x94 AND NOT x95 AND NOT x96 AND NOT x97 AND NOT x98 AND NOT x99 AND NOT x100 AND NOT x101 AND NOT x103 AND NOT x104 AND NOT x105 AND NOT x107 AND NOT x108 AND NOT x109 AND NOT x110 AND NOT x112 AND NOT x113 AND NOT x114 AND NOT x117 AND NOT x118 AND NOT x119 AND NOT x120 AND NOT x121 AND NOT x123 AND NOT x124 AND NOT x125 AND NOT x127 AND NOT x128 AND NOT x129 AND NOT x130 AND NOT x131 AND NOT x132 AND NOT x133 AND NOT x135 AND NOT x136 AND NOT x138 AND NOT x139 AND NOT x140 AND NOT x141 AND NOT x143 AND NOT x146 AND NOT x147 AND NOT x148 AND NOT x149 AND NOT x150 AND NOT x151 AND NOT x152 AND NOT x154 AND NOT x155 AND NOT x156 AND NOT x158 AND NOT x159 AND NOT x160 AND NOT x161 AND NOT x162 AND NOT x163 AND NOT x164 AND NOT x165 AND NOT x166 AND NOT x167 AND NOT x169 AND NOT x170 AND NOT x171 AND NOT x172 AND NOT x173 AND NOT x175 AND NOT x176 AND NOT x177 AND NOT x178 AND NOT x179 AND NOT x181 AND NOT x184 AND NOT x185 AND NOT x186 AND NOT x187 AND NOT x188 AND NOT x189 AND NOT x190 AND NOT x191 AND NOT x192 AND NOT x193 AND NOT x194 AND NOT x195 AND NOT x196 AND NOT x197 AND NOT x199 AND NOT x200 AND NOT x202 AND NOT x204 AND NOT x206 AND NOT x207 AND NOT x208 AND NOT x209 AND NOT x212 AND NOT x213 AND NOT x214 AND NOT x215 AND NOT x216 AND NOT x217 AND NOT x219 AND NOT x220 AND NOT x221 AND NOT x222 AND NOT x223 AND NOT x224 AND NOT x225 AND NOT x226 AND NOT x228 AND NOT x229 AND NOT x230 AND NOT x231 AND NOT x232 AND NOT x233 AND NOT x234 AND NOT x235 AND NOT x237 AND NOT x238 AND NOT x239 AND NOT x240 AND NOT x242 AND NOT x243 AND NOT x244 AND NOT x245 AND NOT x247 AND NOT x248 AND NOT x249 AND NOT x251 AND NOT x252 AND NOT x253 AND NOT x255
